This is pdfTeX, Version 3.1415926-1.40.11 (TeX Live 2010/Arch Linux) (format=pdflatex 2011.6.9)  9 JUN 2011 00:57
entering extended mode
 restricted \write18 enabled.
 %&-line parsing enabled.
**refman.tex
(./refman.tex
LaTeX2e <2009/09/24>
Babel <v3.8l> and hyphenation patterns for english, dumylang, nohyphenation, ge
rman-x-2009-06-19, ngerman-x-2009-06-19, afrikaans, ancientgreek, ibycus, arabi
c, armenian, basque, bulgarian, catalan, pinyin, coptic, croatian, czech, danis
h, dutch, ukenglish, usenglishmax, esperanto, estonian, farsi, finnish, french,
 galician, german, ngerman, swissgerman, monogreek, greek, hungarian, icelandic
, assamese, bengali, gujarati, hindi, kannada, malayalam, marathi, oriya, panja
bi, tamil, telugu, indonesian, interlingua, irish, italian, kurmanji, lao, lati
n, latvian, lithuanian, mongolian, mongolianlmc, bokmal, nynorsk, polish, portu
guese, romanian, russian, sanskrit, serbian, slovak, slovenian, spanish, swedis
h, turkish, turkmen, ukrainian, uppersorbian, welsh, loaded.
(/usr/share/texmf-dist/tex/latex/base/book.cls
Document Class: book 2007/10/19 v1.4h Standard LaTeX document class
(/usr/share/texmf-dist/tex/latex/base/bk10.clo
File: bk10.clo 2007/10/19 v1.4h Standard LaTeX file (size option)
)
\c@part=\count79
\c@chapter=\count80
\c@section=\count81
\c@subsection=\count82
\c@subsubsection=\count83
\c@paragraph=\count84
\c@subparagraph=\count85
\c@figure=\count86
\c@table=\count87
\abovecaptionskip=\skip41
\belowcaptionskip=\skip42
\bibindent=\dimen102
)
(/usr/share/texmf-dist/tex/latex/base/makeidx.sty
Package: makeidx 2000/03/29 v1.0m Standard LaTeX package
)
(/usr/share/texmf-dist/tex/latex/graphics/graphicx.sty
Package: graphicx 1999/02/16 v1.0f Enhanced LaTeX Graphics (DPC,SPQR)

(/usr/share/texmf-dist/tex/latex/graphics/keyval.sty
Package: keyval 1999/03/16 v1.13 key=value parser (DPC)
\KV@toks@=\toks14
)
(/usr/share/texmf-dist/tex/latex/graphics/graphics.sty
Package: graphics 2009/02/05 v1.0o Standard LaTeX Graphics (DPC,SPQR)

(/usr/share/texmf-dist/tex/latex/graphics/trig.sty
Package: trig 1999/03/16 v1.09 sin cos tan (DPC)
)
(/usr/share/texmf-dist/tex/latex/latexconfig/graphics.cfg
File: graphics.cfg 2010/04/23 v1.9 graphics configuration of TeX Live
)
Package graphics Info: Driver file: pdftex.def on input line 91.

(/usr/share/texmf-dist/tex/latex/pdftex-def/pdftex.def
File: pdftex.def 2011/01/28 v0.05d Graphics/color for pdfTeX
\Gread@gobject=\count88
))
\Gin@req@height=\dimen103
\Gin@req@width=\dimen104
)
(/usr/share/texmf-dist/tex/latex/tools/multicol.sty
Package: multicol 2008/12/05 v1.6h multicolumn formatting (FMi)
\c@tracingmulticols=\count89
\mult@box=\box26
\multicol@leftmargin=\dimen105
\c@unbalance=\count90
\c@collectmore=\count91
\doublecol@number=\count92
\multicoltolerance=\count93
\multicolpretolerance=\count94
\full@width=\dimen106
\page@free=\dimen107
\premulticols=\dimen108
\postmulticols=\dimen109
\multicolsep=\skip43
\multicolbaselineskip=\skip44
\partial@page=\box27
\last@line=\box28
\mult@rightbox=\box29
\mult@grightbox=\box30
\mult@gfirstbox=\box31
\mult@firstbox=\box32
\@tempa=\box33
\@tempa=\box34
\@tempa=\box35
\@tempa=\box36
\@tempa=\box37
\@tempa=\box38
\@tempa=\box39
\@tempa=\box40
\@tempa=\box41
\@tempa=\box42
\@tempa=\box43
\@tempa=\box44
\@tempa=\box45
\@tempa=\box46
\@tempa=\box47
\@tempa=\box48
\@tempa=\box49
\c@columnbadness=\count95
\c@finalcolumnbadness=\count96
\last@try=\dimen110
\multicolovershoot=\dimen111
\multicolundershoot=\dimen112
\mult@nat@firstbox=\box50
\colbreak@box=\box51
)
(/usr/share/texmf-dist/tex/latex/float/float.sty
Package: float 2001/11/08 v1.3d Float enhancements (AL)
\c@float@type=\count97
\float@exts=\toks15
\float@box=\box52
\@float@everytoks=\toks16
\@floatcapt=\box53
)
(/usr/share/texmf-dist/tex/latex/listings/listings.sty
\lst@mode=\count98
\lst@gtempboxa=\box54
\lst@token=\toks17
\lst@length=\count99
\lst@currlwidth=\dimen113
\lst@column=\count100
\lst@pos=\count101
\lst@lostspace=\dimen114
\lst@width=\dimen115
\lst@newlines=\count102
\lst@lineno=\count103
\lst@maxwidth=\dimen116

(/usr/share/texmf-dist/tex/latex/listings/lstmisc.sty
File: lstmisc.sty 2007/02/22 1.4 (Carsten Heinz)
\c@lstnumber=\count104
\lst@skipnumbers=\count105
\lst@framebox=\box55
)
(/usr/share/texmf-dist/tex/latex/listings/listings.cfg
File: listings.cfg 2007/02/22 1.4 listings configuration
))
Package: listings 2007/02/22 1.4 (Carsten Heinz)

(/usr/share/texmf-dist/tex/latex/graphics/color.sty
Package: color 2005/11/14 v1.0j Standard LaTeX Color (DPC)

(/usr/share/texmf-dist/tex/latex/latexconfig/color.cfg
File: color.cfg 2007/01/18 v1.5 color configuration of teTeX/TeXLive
)
Package color Info: Driver file: pdftex.def on input line 130.
)
(/usr/share/texmf-dist/tex/latex/base/ifthen.sty
Package: ifthen 2001/05/26 v1.1c Standard LaTeX ifthen package (DPC)
)
(/usr/share/texmf-dist/tex/latex/xcolor/xcolor.sty
Package: xcolor 2007/01/21 v2.11 LaTeX color extensions (UK)

(/usr/share/texmf-dist/tex/latex/latexconfig/color.cfg
File: color.cfg 2007/01/18 v1.5 color configuration of teTeX/TeXLive
)
Package xcolor Info: Driver file: pdftex.def on input line 225.

(/usr/share/texmf-dist/tex/latex/colortbl/colortbl.sty
Package: colortbl 2001/02/13 v0.1j Color table columns (DPC)

(/usr/share/texmf-dist/tex/latex/tools/array.sty
Package: array 2008/09/09 v2.4c Tabular extension package (FMi)
\col@sep=\dimen117
\extrarowheight=\dimen118
\NC@list=\toks18
\extratabsurround=\skip45
\backup@length=\skip46
)
\everycr=\toks19
\minrowclearance=\skip47
)
LaTeX Info: Redefining \color on input line 702.
\rownum=\count106
Package xcolor Info: Model `cmy' substituted by `cmy0' on input line 1337.
Package xcolor Info: Model `hsb' substituted by `rgb' on input line 1341.
Package xcolor Info: Model `RGB' extended on input line 1353.
Package xcolor Info: Model `HTML' substituted by `rgb' on input line 1355.
Package xcolor Info: Model `Hsb' substituted by `hsb' on input line 1356.
Package xcolor Info: Model `tHsb' substituted by `hsb' on input line 1357.
Package xcolor Info: Model `HSB' substituted by `hsb' on input line 1358.
Package xcolor Info: Model `Gray' substituted by `gray' on input line 1359.
Package xcolor Info: Model `wave' substituted by `hsb' on input line 1360.
)
(/usr/share/texmf-dist/tex/latex/base/textcomp.sty
Package: textcomp 2005/09/27 v1.99g Standard LaTeX package
Package textcomp Info: Sub-encoding information:
(textcomp)               5 = only ISO-Adobe without \textcurrency
(textcomp)               4 = 5 + \texteuro
(textcomp)               3 = 4 + \textohm
(textcomp)               2 = 3 + \textestimated + \textcurrency
(textcomp)               1 = TS1 - \textcircled - \t
(textcomp)               0 = TS1 (full)
(textcomp)             Font families with sub-encoding setting implement
(textcomp)             only a restricted character set as indicated.
(textcomp)             Family '?' is the default used for unknown fonts.
(textcomp)             See the documentation for details.
Package textcomp Info: Setting ? sub-encoding to TS1/1 on input line 71.

(/usr/share/texmf-dist/tex/latex/base/ts1enc.def
File: ts1enc.def 2001/06/05 v3.0e (jk/car/fm) Standard LaTeX file
)
LaTeX Info: Redefining \oldstylenums on input line 266.
Package textcomp Info: Setting cmr sub-encoding to TS1/0 on input line 281.
Package textcomp Info: Setting cmss sub-encoding to TS1/0 on input line 282.
Package textcomp Info: Setting cmtt sub-encoding to TS1/0 on input line 283.
Package textcomp Info: Setting cmvtt sub-encoding to TS1/0 on input line 284.
Package textcomp Info: Setting cmbr sub-encoding to TS1/0 on input line 285.
Package textcomp Info: Setting cmtl sub-encoding to TS1/0 on input line 286.
Package textcomp Info: Setting ccr sub-encoding to TS1/0 on input line 287.
Package textcomp Info: Setting ptm sub-encoding to TS1/4 on input line 288.
Package textcomp Info: Setting pcr sub-encoding to TS1/4 on input line 289.
Package textcomp Info: Setting phv sub-encoding to TS1/4 on input line 290.
Package textcomp Info: Setting ppl sub-encoding to TS1/3 on input line 291.
Package textcomp Info: Setting pag sub-encoding to TS1/4 on input line 292.
Package textcomp Info: Setting pbk sub-encoding to TS1/4 on input line 293.
Package textcomp Info: Setting pnc sub-encoding to TS1/4 on input line 294.
Package textcomp Info: Setting pzc sub-encoding to TS1/4 on input line 295.
Package textcomp Info: Setting bch sub-encoding to TS1/4 on input line 296.
Package textcomp Info: Setting put sub-encoding to TS1/5 on input line 297.
Package textcomp Info: Setting uag sub-encoding to TS1/5 on input line 298.
Package textcomp Info: Setting ugq sub-encoding to TS1/5 on input line 299.
Package textcomp Info: Setting ul8 sub-encoding to TS1/4 on input line 300.
Package textcomp Info: Setting ul9 sub-encoding to TS1/4 on input line 301.
Package textcomp Info: Setting augie sub-encoding to TS1/5 on input line 302.
Package textcomp Info: Setting dayrom sub-encoding to TS1/3 on input line 303.
Package textcomp Info: Setting dayroms sub-encoding to TS1/3 on input line 304.

Package textcomp Info: Setting pxr sub-encoding to TS1/0 on input line 305.
Package textcomp Info: Setting pxss sub-encoding to TS1/0 on input line 306.
Package textcomp Info: Setting pxtt sub-encoding to TS1/0 on input line 307.
Package textcomp Info: Setting txr sub-encoding to TS1/0 on input line 308.
Package textcomp Info: Setting txss sub-encoding to TS1/0 on input line 309.
Package textcomp Info: Setting txtt sub-encoding to TS1/0 on input line 310.
Package textcomp Info: Setting futs sub-encoding to TS1/4 on input line 311.
Package textcomp Info: Setting futx sub-encoding to TS1/4 on input line 312.
Package textcomp Info: Setting futj sub-encoding to TS1/4 on input line 313.
Package textcomp Info: Setting hlh sub-encoding to TS1/3 on input line 314.
Package textcomp Info: Setting hls sub-encoding to TS1/3 on input line 315.
Package textcomp Info: Setting hlst sub-encoding to TS1/3 on input line 316.
Package textcomp Info: Setting hlct sub-encoding to TS1/5 on input line 317.
Package textcomp Info: Setting hlx sub-encoding to TS1/5 on input line 318.
Package textcomp Info: Setting hlce sub-encoding to TS1/5 on input line 319.
Package textcomp Info: Setting hlcn sub-encoding to TS1/5 on input line 320.
Package textcomp Info: Setting hlcw sub-encoding to TS1/5 on input line 321.
Package textcomp Info: Setting hlcf sub-encoding to TS1/5 on input line 322.
Package textcomp Info: Setting pplx sub-encoding to TS1/3 on input line 323.
Package textcomp Info: Setting pplj sub-encoding to TS1/3 on input line 324.
Package textcomp Info: Setting ptmx sub-encoding to TS1/4 on input line 325.
Package textcomp Info: Setting ptmj sub-encoding to TS1/4 on input line 326.
)
(/usr/share/texmf-dist/tex/latex/base/alltt.sty
Package: alltt 1997/06/16 v2.0g defines alltt environment
)
(/usr/share/texmf-dist/tex/generic/oberdiek/ifpdf.sty
Package: ifpdf 2011/01/30 v2.3 Provides the ifpdf switch (HO)
Package ifpdf Info: pdfTeX in PDF mode is detected.
)
(/usr/share/texmf-dist/tex/latex/hyperref/hyperref.sty
Package: hyperref 2011/04/17 v6.82g Hypertext links for LaTeX

(/usr/share/texmf-dist/tex/generic/oberdiek/hobsub-hyperref.sty
Package: hobsub-hyperref 2011/04/18 v1.3 Bundle oberdiek, subset hyperref (HO)

(/usr/share/texmf-dist/tex/generic/oberdiek/hobsub-generic.sty
Package: hobsub-generic 2011/04/18 v1.3 Bundle oberdiek, subset generic (HO)
Package: hobsub 2011/04/18 v1.3 Subsetting bundle oberdiek (HO)
Package: infwarerr 2010/04/08 v1.3 Providing info/warning/message (HO)
Package: ltxcmds 2011/04/18 v1.20 LaTeX kernel commands for general use (HO)
Package: ifluatex 2010/03/01 v1.3 Provides the ifluatex switch (HO)
Package ifluatex Info: LuaTeX not detected.
Package: ifvtex 2010/03/01 v1.5 Switches for detecting VTeX and its modes (HO)
Package ifvtex Info: VTeX not detected.
Package: intcalc 2007/09/27 v1.1 Expandable integer calculations (HO)
Package hobsub Info: Skipping package `ifpdf' (already loaded).
Package: etexcmds 2011/02/16 v1.5 Prefix for e-TeX command names (HO)
Package etexcmds Info: Could not find \expanded.
(etexcmds)             That can mean that you are not using pdfTeX 1.50 or
(etexcmds)             that some package has redefined \expanded.
(etexcmds)             In the latter case, load this package earlier.
Package: kvsetkeys 2011/04/07 v1.13 Key value parser (HO)
Package: kvdefinekeys 2011/04/07 v1.3 Defining keys (HO)
Package: pdftexcmds 2011/04/16 v0.15 Utilities of pdfTeX for LuaTeX (HO)
Package pdftexcmds Info: LuaTeX not detected.
Package pdftexcmds Info: \pdf@primitive is available.
Package pdftexcmds Info: \pdf@ifprimitive is available.
Package pdftexcmds Info: \pdfdraftmode found.
Package: pdfescape 2011/04/04 v1.12 Provides string conversions (HO)
Package: bigintcalc 2011/01/30 v1.2 Expandable big integer calculations (HO)
Package: bitset 2011/01/30 v1.1 Data type bit set (HO)
Package: uniquecounter 2011/01/30 v1.2 Provides unlimited unique counter (HO)
)
Package hobsub Info: Skipping package `hobsub' (already loaded).
Package: letltxmacro 2010/09/02 v1.4 Let assignment for LaTeX macros (HO)
Package: hopatch 2011/01/30 v1.0 Wrapper for package hooks (HO)
Package: xcolor-patch 2011/01/30 xcolor patch
Package: atveryend 2011/04/15 v1.6 Hooks at very end of document (HO)
Package atveryend Info: \enddocument detected (standard).
Package: atbegshi 2011/01/30 v1.15 At begin shipout hook (HO)
Package: refcount 2010/12/01 v3.2 Data extraction from references (HO)
Package: hycolor 2011/01/30 v1.7 Color options of hyperref/bookmark (HO)
)
(/usr/share/texmf-dist/tex/generic/ifxetex/ifxetex.sty
Package: ifxetex 2010/09/12 v0.6 Provides ifxetex conditional
)
(/usr/share/texmf-dist/tex/latex/oberdiek/kvoptions.sty
Package: kvoptions 2010/12/23 v3.10 Keyval support for LaTeX options (HO)
)
\@linkdim=\dimen119
\Hy@linkcounter=\count107
\Hy@pagecounter=\count108

(/usr/share/texmf-dist/tex/latex/hyperref/pd1enc.def
File: pd1enc.def 2011/04/17 v6.82g Hyperref: PDFDocEncoding definition (HO)
)
\Hy@SavedSpaceFactor=\count109

(/usr/share/texmf-dist/tex/latex/latexconfig/hyperref.cfg
File: hyperref.cfg 2002/06/06 v1.2 hyperref configuration of TeXLive
)
Package hyperref Info: Option `colorlinks' set `true' on input line 3905.
Package hyperref Info: Option `unicode' set `true' on input line 3905.

(/usr/share/texmf-dist/tex/latex/hyperref/puenc.def
File: puenc.def 2011/04/17 v6.82g Hyperref: PDF Unicode definition (HO)
)
Package hyperref Info: Hyper figures OFF on input line 4026.
Package hyperref Info: Link nesting OFF on input line 4031.
Package hyperref Info: Hyper index ON on input line 4034.
Package hyperref Info: Plain pages OFF on input line 4041.
Package hyperref Info: Backreferencing ON on input line 4044.
Package hyperref Info: Implicit mode ON; LaTeX internals redefined.
Package hyperref Info: Bookmarks ON on input line 4264.

(/usr/share/texmf-dist/tex/latex/hyperref/backref.sty
Package: backref 2010/08/30 v1.36 Bibliographical back referencing

(/usr/share/texmf-dist/tex/latex/oberdiek/rerunfilecheck.sty
Package: rerunfilecheck 2011/04/15 v1.7 Rerun checks for auxiliary files (HO)
Package uniquecounter Info: New unique counter `rerunfilecheck' on input line 2
82.
))
\c@Hy@tempcnt=\count110

(/usr/share/texmf-dist/tex/latex/url/url.sty
\Urlmuskip=\muskip10
Package: url 2006/04/12  ver 3.3  Verb mode for urls, etc.
)
LaTeX Info: Redefining \url on input line 4617.
\Fld@menulength=\count111
\Field@Width=\dimen120
\Fld@charsize=\dimen121
Package hyperref Info: Hyper figures OFF on input line 5701.
Package hyperref Info: Link nesting OFF on input line 5706.
Package hyperref Info: Hyper index ON on input line 5709.
Package hyperref Info: backreferencing ON on input line 5714.
Package hyperref Info: Link coloring ON on input line 5719.
Package hyperref Info: Link coloring with OCG OFF on input line 5726.
Package hyperref Info: PDF/A mode OFF on input line 5731.
LaTeX Info: Redefining \ref on input line 5771.
LaTeX Info: Redefining \pageref on input line 5775.
\Hy@abspage=\count112
\c@Item=\count113
\c@Hfootnote=\count114
)

Package hyperref Message: Driver: hpdftex.

(/usr/share/texmf-dist/tex/latex/hyperref/hpdftex.def
File: hpdftex.def 2011/04/17 v6.82g Hyperref driver for pdfTeX
\Fld@listcount=\count115
\c@bookmark@seq@number=\count116
\Hy@SectionHShift=\skip48
)
(/usr/share/texmf-dist/tex/latex/base/inputenc.sty
Package: inputenc 2008/03/30 v1.1d Input encoding file
\inpenc@prehook=\toks20
\inpenc@posthook=\toks21

(/usr/share/texmf-dist/tex/latex/base/utf8.def
File: utf8.def 2008/04/05 v1.1m UTF-8 support for inputenc
Now handling font encoding OML ...
... no UTF-8 mapping file for font encoding OML
Now handling font encoding T1 ...
... processing UTF-8 mapping file for font encoding T1

(/usr/share/texmf-dist/tex/latex/base/t1enc.dfu
File: t1enc.dfu 2008/04/05 v1.1m UTF-8 support for inputenc
   defining Unicode char U+00A1 (decimal 161)
   defining Unicode char U+00A3 (decimal 163)
   defining Unicode char U+00AB (decimal 171)
   defining Unicode char U+00BB (decimal 187)
   defining Unicode char U+00BF (decimal 191)
   defining Unicode char U+00C0 (decimal 192)
   defining Unicode char U+00C1 (decimal 193)
   defining Unicode char U+00C2 (decimal 194)
   defining Unicode char U+00C3 (decimal 195)
   defining Unicode char U+00C4 (decimal 196)
   defining Unicode char U+00C5 (decimal 197)
   defining Unicode char U+00C6 (decimal 198)
   defining Unicode char U+00C7 (decimal 199)
   defining Unicode char U+00C8 (decimal 200)
   defining Unicode char U+00C9 (decimal 201)
   defining Unicode char U+00CA (decimal 202)
   defining Unicode char U+00CB (decimal 203)
   defining Unicode char U+00CC (decimal 204)
   defining Unicode char U+00CD (decimal 205)
   defining Unicode char U+00CE (decimal 206)
   defining Unicode char U+00CF (decimal 207)
   defining Unicode char U+00D0 (decimal 208)
   defining Unicode char U+00D1 (decimal 209)
   defining Unicode char U+00D2 (decimal 210)
   defining Unicode char U+00D3 (decimal 211)
   defining Unicode char U+00D4 (decimal 212)
   defining Unicode char U+00D5 (decimal 213)
   defining Unicode char U+00D6 (decimal 214)
   defining Unicode char U+00D8 (decimal 216)
   defining Unicode char U+00D9 (decimal 217)
   defining Unicode char U+00DA (decimal 218)
   defining Unicode char U+00DB (decimal 219)
   defining Unicode char U+00DC (decimal 220)
   defining Unicode char U+00DD (decimal 221)
   defining Unicode char U+00DE (decimal 222)
   defining Unicode char U+00DF (decimal 223)
   defining Unicode char U+00E0 (decimal 224)
   defining Unicode char U+00E1 (decimal 225)
   defining Unicode char U+00E2 (decimal 226)
   defining Unicode char U+00E3 (decimal 227)
   defining Unicode char U+00E4 (decimal 228)
   defining Unicode char U+00E5 (decimal 229)
   defining Unicode char U+00E6 (decimal 230)
   defining Unicode char U+00E7 (decimal 231)
   defining Unicode char U+00E8 (decimal 232)
   defining Unicode char U+00E9 (decimal 233)
   defining Unicode char U+00EA (decimal 234)
   defining Unicode char U+00EB (decimal 235)
   defining Unicode char U+00EC (decimal 236)
   defining Unicode char U+00ED (decimal 237)
   defining Unicode char U+00EE (decimal 238)
   defining Unicode char U+00EF (decimal 239)
   defining Unicode char U+00F0 (decimal 240)
   defining Unicode char U+00F1 (decimal 241)
   defining Unicode char U+00F2 (decimal 242)
   defining Unicode char U+00F3 (decimal 243)
   defining Unicode char U+00F4 (decimal 244)
   defining Unicode char U+00F5 (decimal 245)
   defining Unicode char U+00F6 (decimal 246)
   defining Unicode char U+00F8 (decimal 248)
   defining Unicode char U+00F9 (decimal 249)
   defining Unicode char U+00FA (decimal 250)
   defining Unicode char U+00FB (decimal 251)
   defining Unicode char U+00FC (decimal 252)
   defining Unicode char U+00FD (decimal 253)
   defining Unicode char U+00FE (decimal 254)
   defining Unicode char U+00FF (decimal 255)
   defining Unicode char U+0102 (decimal 258)
   defining Unicode char U+0103 (decimal 259)
   defining Unicode char U+0104 (decimal 260)
   defining Unicode char U+0105 (decimal 261)
   defining Unicode char U+0106 (decimal 262)
   defining Unicode char U+0107 (decimal 263)
   defining Unicode char U+010C (decimal 268)
   defining Unicode char U+010D (decimal 269)
   defining Unicode char U+010E (decimal 270)
   defining Unicode char U+010F (decimal 271)
   defining Unicode char U+0110 (decimal 272)
   defining Unicode char U+0111 (decimal 273)
   defining Unicode char U+0118 (decimal 280)
   defining Unicode char U+0119 (decimal 281)
   defining Unicode char U+011A (decimal 282)
   defining Unicode char U+011B (decimal 283)
   defining Unicode char U+011E (decimal 286)
   defining Unicode char U+011F (decimal 287)
   defining Unicode char U+0130 (decimal 304)
   defining Unicode char U+0131 (decimal 305)
   defining Unicode char U+0132 (decimal 306)
   defining Unicode char U+0133 (decimal 307)
   defining Unicode char U+0139 (decimal 313)
   defining Unicode char U+013A (decimal 314)
   defining Unicode char U+013D (decimal 317)
   defining Unicode char U+013E (decimal 318)
   defining Unicode char U+0141 (decimal 321)
   defining Unicode char U+0142 (decimal 322)
   defining Unicode char U+0143 (decimal 323)
   defining Unicode char U+0144 (decimal 324)
   defining Unicode char U+0147 (decimal 327)
   defining Unicode char U+0148 (decimal 328)
   defining Unicode char U+014A (decimal 330)
   defining Unicode char U+014B (decimal 331)
   defining Unicode char U+0150 (decimal 336)
   defining Unicode char U+0151 (decimal 337)
   defining Unicode char U+0152 (decimal 338)
   defining Unicode char U+0153 (decimal 339)
   defining Unicode char U+0154 (decimal 340)
   defining Unicode char U+0155 (decimal 341)
   defining Unicode char U+0158 (decimal 344)
   defining Unicode char U+0159 (decimal 345)
   defining Unicode char U+015A (decimal 346)
   defining Unicode char U+015B (decimal 347)
   defining Unicode char U+015E (decimal 350)
   defining Unicode char U+015F (decimal 351)
   defining Unicode char U+0160 (decimal 352)
   defining Unicode char U+0161 (decimal 353)
   defining Unicode char U+0162 (decimal 354)
   defining Unicode char U+0163 (decimal 355)
   defining Unicode char U+0164 (decimal 356)
   defining Unicode char U+0165 (decimal 357)
   defining Unicode char U+016E (decimal 366)
   defining Unicode char U+016F (decimal 367)
   defining Unicode char U+0170 (decimal 368)
   defining Unicode char U+0171 (decimal 369)
   defining Unicode char U+0178 (decimal 376)
   defining Unicode char U+0179 (decimal 377)
   defining Unicode char U+017A (decimal 378)
   defining Unicode char U+017B (decimal 379)
   defining Unicode char U+017C (decimal 380)
   defining Unicode char U+017D (decimal 381)
   defining Unicode char U+017E (decimal 382)
   defining Unicode char U+200C (decimal 8204)
   defining Unicode char U+2013 (decimal 8211)
   defining Unicode char U+2014 (decimal 8212)
   defining Unicode char U+2018 (decimal 8216)
   defining Unicode char U+2019 (decimal 8217)
   defining Unicode char U+201A (decimal 8218)
   defining Unicode char U+201C (decimal 8220)
   defining Unicode char U+201D (decimal 8221)
   defining Unicode char U+201E (decimal 8222)
   defining Unicode char U+2030 (decimal 8240)
   defining Unicode char U+2031 (decimal 8241)
   defining Unicode char U+2039 (decimal 8249)
   defining Unicode char U+203A (decimal 8250)
   defining Unicode char U+2423 (decimal 9251)
)
Now handling font encoding OT1 ...
... processing UTF-8 mapping file for font encoding OT1

(/usr/share/texmf-dist/tex/latex/base/ot1enc.dfu
File: ot1enc.dfu 2008/04/05 v1.1m UTF-8 support for inputenc
   defining Unicode char U+00A1 (decimal 161)
   defining Unicode char U+00A3 (decimal 163)
   defining Unicode char U+00B8 (decimal 184)
   defining Unicode char U+00BF (decimal 191)
   defining Unicode char U+00C5 (decimal 197)
   defining Unicode char U+00C6 (decimal 198)
   defining Unicode char U+00D8 (decimal 216)
   defining Unicode char U+00DF (decimal 223)
   defining Unicode char U+00E6 (decimal 230)
   defining Unicode char U+00EC (decimal 236)
   defining Unicode char U+00ED (decimal 237)
   defining Unicode char U+00EE (decimal 238)
   defining Unicode char U+00EF (decimal 239)
   defining Unicode char U+00F8 (decimal 248)
   defining Unicode char U+0131 (decimal 305)
   defining Unicode char U+0141 (decimal 321)
   defining Unicode char U+0142 (decimal 322)
   defining Unicode char U+0152 (decimal 338)
   defining Unicode char U+0153 (decimal 339)
   defining Unicode char U+2013 (decimal 8211)
   defining Unicode char U+2014 (decimal 8212)
   defining Unicode char U+2018 (decimal 8216)
   defining Unicode char U+2019 (decimal 8217)
   defining Unicode char U+201C (decimal 8220)
   defining Unicode char U+201D (decimal 8221)
)
Now handling font encoding OMS ...
... processing UTF-8 mapping file for font encoding OMS

(/usr/share/texmf-dist/tex/latex/base/omsenc.dfu
File: omsenc.dfu 2008/04/05 v1.1m UTF-8 support for inputenc
   defining Unicode char U+00A7 (decimal 167)
   defining Unicode char U+00B6 (decimal 182)
   defining Unicode char U+00B7 (decimal 183)
   defining Unicode char U+2020 (decimal 8224)
   defining Unicode char U+2021 (decimal 8225)
   defining Unicode char U+2022 (decimal 8226)
)
Now handling font encoding OMX ...
... no UTF-8 mapping file for font encoding OMX
Now handling font encoding U ...
... no UTF-8 mapping file for font encoding U
Now handling font encoding TS1 ...
... processing UTF-8 mapping file for font encoding TS1

(/usr/share/texmf-dist/tex/latex/base/ts1enc.dfu
File: ts1enc.dfu 2008/04/05 v1.1m UTF-8 support for inputenc
   defining Unicode char U+00A2 (decimal 162)
   defining Unicode char U+00A3 (decimal 163)
   defining Unicode char U+00A4 (decimal 164)
   defining Unicode char U+00A5 (decimal 165)
   defining Unicode char U+00A6 (decimal 166)
   defining Unicode char U+00A7 (decimal 167)
   defining Unicode char U+00A8 (decimal 168)
   defining Unicode char U+00A9 (decimal 169)
   defining Unicode char U+00AA (decimal 170)
   defining Unicode char U+00AC (decimal 172)
   defining Unicode char U+00AE (decimal 174)
   defining Unicode char U+00AF (decimal 175)
   defining Unicode char U+00B0 (decimal 176)
   defining Unicode char U+00B1 (decimal 177)
   defining Unicode char U+00B2 (decimal 178)
   defining Unicode char U+00B3 (decimal 179)
   defining Unicode char U+00B4 (decimal 180)
   defining Unicode char U+00B5 (decimal 181)
   defining Unicode char U+00B6 (decimal 182)
   defining Unicode char U+00B7 (decimal 183)
   defining Unicode char U+00B9 (decimal 185)
   defining Unicode char U+00BA (decimal 186)
   defining Unicode char U+00BC (decimal 188)
   defining Unicode char U+00BD (decimal 189)
   defining Unicode char U+00BE (decimal 190)
   defining Unicode char U+00D7 (decimal 215)
   defining Unicode char U+00F7 (decimal 247)
   defining Unicode char U+0192 (decimal 402)
   defining Unicode char U+02C7 (decimal 711)
   defining Unicode char U+02D8 (decimal 728)
   defining Unicode char U+02DD (decimal 733)
   defining Unicode char U+0E3F (decimal 3647)
   defining Unicode char U+2016 (decimal 8214)
   defining Unicode char U+2020 (decimal 8224)
   defining Unicode char U+2021 (decimal 8225)
   defining Unicode char U+2022 (decimal 8226)
   defining Unicode char U+2030 (decimal 8240)
   defining Unicode char U+2031 (decimal 8241)
   defining Unicode char U+203B (decimal 8251)
   defining Unicode char U+203D (decimal 8253)
   defining Unicode char U+2044 (decimal 8260)
   defining Unicode char U+204E (decimal 8270)
   defining Unicode char U+2052 (decimal 8274)
   defining Unicode char U+20A1 (decimal 8353)
   defining Unicode char U+20A4 (decimal 8356)
   defining Unicode char U+20A6 (decimal 8358)
   defining Unicode char U+20A9 (decimal 8361)
   defining Unicode char U+20AB (decimal 8363)
   defining Unicode char U+20AC (decimal 8364)
   defining Unicode char U+20B1 (decimal 8369)
   defining Unicode char U+2103 (decimal 8451)
   defining Unicode char U+2116 (decimal 8470)
   defining Unicode char U+2117 (decimal 8471)
   defining Unicode char U+211E (decimal 8478)
   defining Unicode char U+2120 (decimal 8480)
   defining Unicode char U+2122 (decimal 8482)
   defining Unicode char U+2126 (decimal 8486)
   defining Unicode char U+2127 (decimal 8487)
   defining Unicode char U+212E (decimal 8494)
   defining Unicode char U+2190 (decimal 8592)
   defining Unicode char U+2191 (decimal 8593)
   defining Unicode char U+2192 (decimal 8594)
   defining Unicode char U+2193 (decimal 8595)
   defining Unicode char U+2329 (decimal 9001)
   defining Unicode char U+232A (decimal 9002)
   defining Unicode char U+2422 (decimal 9250)
   defining Unicode char U+25E6 (decimal 9702)
   defining Unicode char U+25EF (decimal 9711)
   defining Unicode char U+266A (decimal 9834)
)
Now handling font encoding PD1 ...
... no UTF-8 mapping file for font encoding PD1
Now handling font encoding PU ...
... no UTF-8 mapping file for font encoding PU
   defining Unicode char U+00A9 (decimal 169)
   defining Unicode char U+00AA (decimal 170)
   defining Unicode char U+00AE (decimal 174)
   defining Unicode char U+00BA (decimal 186)
   defining Unicode char U+02C6 (decimal 710)
   defining Unicode char U+02DC (decimal 732)
   defining Unicode char U+200C (decimal 8204)
   defining Unicode char U+2026 (decimal 8230)
   defining Unicode char U+2122 (decimal 8482)
   defining Unicode char U+2423 (decimal 9251)
))
(/usr/share/texmf-dist/tex/generic/babel/babel.sty
Package: babel 2008/07/06 v3.8l The Babel package

(/usr/share/texmf-dist/tex/generic/babel/frenchb.ldf
Language: frenchb 2009/03/16 v2.3d French support from the babel system

(/usr/share/texmf-dist/tex/generic/babel/babel.def
File: babel.def 2008/07/06 v3.8l Babel common definitions
\babel@savecnt=\count117
\U@D=\dimen122
)
Package babel Info: Making : an active character on input line 120.
Package babel Info: Making ; an active character on input line 121.
Package babel Info: Making ! an active character on input line 122.
Package babel Info: Making ? an active character on input line 123.
\FB@Mht=\dimen123
\std@mcc=\count118
\dec@mcc=\count119
\parindentFFN=\dimen124

*************************************
* Local config file frenchb.cfg used
*
(/usr/share/texmf-dist/tex/generic/babel/frenchb.cfg)))
(/usr/share/texmf-dist/tex/latex/carlisle/scalefnt.sty)
(/usr/share/texmf-dist/tex/latex/psnfss/mathptmx.sty
Package: mathptmx 2005/04/12 PSNFSS-v9.2a Times w/ Math, improved (SPQR, WaS) 
LaTeX Font Info:    Redeclaring symbol font `operators' on input line 28.
LaTeX Font Info:    Overwriting symbol font `operators' in version `normal'
(Font)                  OT1/cmr/m/n --> OT1/ztmcm/m/n on input line 28.
LaTeX Font Info:    Overwriting symbol font `operators' in version `bold'
(Font)                  OT1/cmr/bx/n --> OT1/ztmcm/m/n on input line 28.
LaTeX Font Info:    Redeclaring symbol font `letters' on input line 29.
LaTeX Font Info:    Overwriting symbol font `letters' in version `normal'
(Font)                  OML/cmm/m/it --> OML/ztmcm/m/it on input line 29.
LaTeX Font Info:    Overwriting symbol font `letters' in version `bold'
(Font)                  OML/cmm/b/it --> OML/ztmcm/m/it on input line 29.
LaTeX Font Info:    Redeclaring symbol font `symbols' on input line 30.
LaTeX Font Info:    Overwriting symbol font `symbols' in version `normal'
(Font)                  OMS/cmsy/m/n --> OMS/ztmcm/m/n on input line 30.
LaTeX Font Info:    Overwriting symbol font `symbols' in version `bold'
(Font)                  OMS/cmsy/b/n --> OMS/ztmcm/m/n on input line 30.
LaTeX Font Info:    Redeclaring symbol font `largesymbols' on input line 31.
LaTeX Font Info:    Overwriting symbol font `largesymbols' in version `normal'
(Font)                  OMX/cmex/m/n --> OMX/ztmcm/m/n on input line 31.
LaTeX Font Info:    Overwriting symbol font `largesymbols' in version `bold'
(Font)                  OMX/cmex/m/n --> OMX/ztmcm/m/n on input line 31.
\symbold=\mathgroup4
\symitalic=\mathgroup5
LaTeX Font Info:    Redeclaring math alphabet \mathbf on input line 34.
LaTeX Font Info:    Overwriting math alphabet `\mathbf' in version `normal'
(Font)                  OT1/cmr/bx/n --> OT1/ptm/bx/n on input line 34.
LaTeX Font Info:    Overwriting math alphabet `\mathbf' in version `bold'
(Font)                  OT1/cmr/bx/n --> OT1/ptm/bx/n on input line 34.
LaTeX Font Info:    Redeclaring math alphabet \mathit on input line 35.
LaTeX Font Info:    Overwriting math alphabet `\mathit' in version `normal'
(Font)                  OT1/cmr/m/it --> OT1/ptm/m/it on input line 35.
LaTeX Font Info:    Overwriting math alphabet `\mathit' in version `bold'
(Font)                  OT1/cmr/bx/it --> OT1/ptm/m/it on input line 35.
LaTeX Info: Redefining \hbar on input line 50.
)
(/usr/share/texmf-dist/tex/latex/psnfss/helvet.sty
Package: helvet 2005/04/12 PSNFSS-v9.2a (WaS) 
)
(/usr/share/texmf-dist/tex/latex/psnfss/courier.sty
Package: courier 2005/04/12 PSNFSS-v9.2a (WaS) 
)
(/usr/share/texmf-dist/tex/latex/sectsty/sectsty.sty
Package: sectsty 2002/02/25 v2.0.2 Commands to change all sectional heading sty
les
)
(/usr/share/texmf-dist/tex/latex/tocloft/tocloft.sty
Package: tocloft 2010/10/13 v2.3e parameterised ToC, etc., typesetting
Package tocloft Info: The document has chapter divisions on input line 43.
\cftparskip=\skip49
\cftbeforetoctitleskip=\skip50
\cftaftertoctitleskip=\skip51
\cftbeforepartskip=\skip52
\cftpartnumwidth=\skip53
\cftpartindent=\skip54
\cftbeforechapskip=\skip55
\cftchapindent=\skip56
\cftchapnumwidth=\skip57
\cftbeforesecskip=\skip58
\cftsecindent=\skip59
\cftsecnumwidth=\skip60
\cftbeforesubsecskip=\skip61
\cftsubsecindent=\skip62
\cftsubsecnumwidth=\skip63
\cftbeforesubsubsecskip=\skip64
\cftsubsubsecindent=\skip65
\cftsubsubsecnumwidth=\skip66
\cftbeforeparaskip=\skip67
\cftparaindent=\skip68
\cftparanumwidth=\skip69
\cftbeforesubparaskip=\skip70
\cftsubparaindent=\skip71
\cftsubparanumwidth=\skip72
\cftbeforeloftitleskip=\skip73
\cftafterloftitleskip=\skip74
\cftbeforefigskip=\skip75
\cftfigindent=\skip76
\cftfignumwidth=\skip77
\c@lofdepth=\count120
\c@lotdepth=\count121
\cftbeforelottitleskip=\skip78
\cftafterlottitleskip=\skip79
\cftbeforetabskip=\skip80
\cfttabindent=\skip81
\cfttabnumwidth=\skip82
) (./doxygen.sty
Package: doxygen 

(/usr/share/texmf-dist/tex/latex/tools/calc.sty
Package: calc 2007/08/22 v4.3 Infix arithmetic (KKT,FJ)
\calc@Acount=\count122
\calc@Bcount=\count123
\calc@Adimen=\dimen125
\calc@Bdimen=\dimen126
\calc@Askip=\skip83
\calc@Bskip=\skip84
LaTeX Info: Redefining \setlength on input line 76.
LaTeX Info: Redefining \addtolength on input line 77.
\calc@Ccount=\count124
\calc@Cskip=\skip85
)
(/usr/share/texmf-dist/tex/latex/fancyhdr/fancyhdr.sty
\fancy@headwidth=\skip86
\f@ncyO@elh=\skip87
\f@ncyO@erh=\skip88
\f@ncyO@olh=\skip89
\f@ncyO@orh=\skip90
\f@ncyO@elf=\skip91
\f@ncyO@erf=\skip92
\f@ncyO@olf=\skip93
\f@ncyO@orf=\skip94
)
(/usr/share/texmf-dist/tex/latex/tools/longtable.sty
Package: longtable 2004/02/01 v4.11 Multi-page Table package (DPC)
\LTleft=\skip95
\LTright=\skip96
\LTpre=\skip97
\LTpost=\skip98
\LTchunksize=\count125
\LTcapwidth=\dimen127
\LT@head=\box56
\LT@firsthead=\box57
\LT@foot=\box58
\LT@lastfoot=\box59
\LT@cols=\count126
\LT@rows=\count127
\c@LT@tables=\count128
\c@LT@chunks=\count129
\LT@p@ftn=\toks22
)
(/usr/share/texmf-dist/tex/latex/tools/verbatim.sty
Package: verbatim 2003/08/22 v1.5q LaTeX2e package for verbatim enhancements
\every@verbatim=\toks23
\verbatim@line=\toks24
\verbatim@in@stream=\read1
)
\tmplength=\skip99

(/usr/share/texmf-dist/tex/latex/base/fontenc.sty
Package: fontenc 2005/09/27 v1.99g Standard LaTeX package

(/usr/share/texmf-dist/tex/latex/base/t1enc.def
File: t1enc.def 2005/09/27 v1.99g Standard LaTeX file
LaTeX Font Info:    Redeclaring font encoding T1 on input line 43.
)))
(/usr/share/texmf-dist/tex/latex/listings/lstlang1.sty
File: lstlang1.sty 2004/09/05 1.3 listings language file
)
(/usr/share/texmf-dist/tex/latex/listings/lstlang1.sty
File: lstlang1.sty 2004/09/05 1.3 listings language file
)
(/usr/share/texmf-dist/tex/latex/listings/lstmisc.sty
File: lstmisc.sty 2007/02/22 1.4 (Carsten Heinz)
)
\@indexfile=\write3
\openout3 = `refman.idx'.


Writing index file refman.idx
(./refman.aux

LaTeX Warning: Label `classBug_a8e0ea03e85c9324a13328da60e5c52ee' multiply defi
ned.


LaTeX Warning: Label `classBug_a9b39c25361faad07b1bf2dd927d09dab' multiply defi
ned.


LaTeX Warning: Label `classBug_ab7379f5a0172e2d536e20f3f29915e02' multiply defi
ned.


LaTeX Warning: Label `classBug_aced471cedcfa855baddf4c827003e755' multiply defi
ned.


LaTeX Warning: Label `classBug_a33f90dffa55e1dce80dc2416c75a53c8' multiply defi
ned.


LaTeX Warning: Label `classBug_a587a36d3145c2b4dba6c689af22c65ac' multiply defi
ned.


LaTeX Warning: Label `classBug_ad7e3597cf049f1051be94fcaf2fd3598' multiply defi
ned.


LaTeX Warning: Label `classBug_a7a93aae4e4b7a215c94ff85d0bd6e26d' multiply defi
ned.


LaTeX Warning: Label `classBug_a27a0f0b84d15525e409955509e6e3c42' multiply defi
ned.


LaTeX Warning: Label `classBug_a13b95fbf23748ea853b01bfd0b0e7fc8' multiply defi
ned.


LaTeX Warning: Label `classBug_a8e0ea03e85c9324a13328da60e5c52ee' multiply defi
ned.


LaTeX Warning: Label `classBug_a9b39c25361faad07b1bf2dd927d09dab' multiply defi
ned.


LaTeX Warning: Label `classBug_ab7379f5a0172e2d536e20f3f29915e02' multiply defi
ned.


LaTeX Warning: Label `classBug_aced471cedcfa855baddf4c827003e755' multiply defi
ned.


LaTeX Warning: Label `classBug_a33f90dffa55e1dce80dc2416c75a53c8' multiply defi
ned.


LaTeX Warning: Label `classBug_a63402c05b5ba3fb034e41f1ced0e4b9f' multiply defi
ned.


LaTeX Warning: Label `classBug_a587a36d3145c2b4dba6c689af22c65ac' multiply defi
ned.


LaTeX Warning: Label `classBug_ad7e3597cf049f1051be94fcaf2fd3598' multiply defi
ned.


LaTeX Warning: Label `classBug_a7a93aae4e4b7a215c94ff85d0bd6e26d' multiply defi
ned.


LaTeX Warning: Label `classBug_a27a0f0b84d15525e409955509e6e3c42' multiply defi
ned.


LaTeX Warning: Label `classBug_a13b95fbf23748ea853b01bfd0b0e7fc8' multiply defi
ned.


LaTeX Warning: Label `classBug_a8e0ea03e85c9324a13328da60e5c52ee' multiply defi
ned.


LaTeX Warning: Label `classBug_a9b39c25361faad07b1bf2dd927d09dab' multiply defi
ned.


LaTeX Warning: Label `classBug_ab7379f5a0172e2d536e20f3f29915e02' multiply defi
ned.


LaTeX Warning: Label `classBug_aced471cedcfa855baddf4c827003e755' multiply defi
ned.


LaTeX Warning: Label `classBug_a33f90dffa55e1dce80dc2416c75a53c8' multiply defi
ned.


LaTeX Warning: Label `classBug_a63402c05b5ba3fb034e41f1ced0e4b9f' multiply defi
ned.


LaTeX Warning: Label `classBug_a587a36d3145c2b4dba6c689af22c65ac' multiply defi
ned.


LaTeX Warning: Label `classBug_ad7e3597cf049f1051be94fcaf2fd3598' multiply defi
ned.


LaTeX Warning: Label `classBug_a7a93aae4e4b7a215c94ff85d0bd6e26d' multiply defi
ned.


LaTeX Warning: Label `classBug_a27a0f0b84d15525e409955509e6e3c42' multiply defi
ned.


LaTeX Warning: Label `classBug_a13b95fbf23748ea853b01bfd0b0e7fc8' multiply defi
ned.


LaTeX Warning: Label `classBug_a8e0ea03e85c9324a13328da60e5c52ee' multiply defi
ned.


LaTeX Warning: Label `classBug_a9b39c25361faad07b1bf2dd927d09dab' multiply defi
ned.


LaTeX Warning: Label `classBug_ab7379f5a0172e2d536e20f3f29915e02' multiply defi
ned.


LaTeX Warning: Label `classBug_aced471cedcfa855baddf4c827003e755' multiply defi
ned.


LaTeX Warning: Label `classBug_a33f90dffa55e1dce80dc2416c75a53c8' multiply defi
ned.


LaTeX Warning: Label `classBug_a63402c05b5ba3fb034e41f1ced0e4b9f' multiply defi
ned.


LaTeX Warning: Label `classBug_a587a36d3145c2b4dba6c689af22c65ac' multiply defi
ned.


LaTeX Warning: Label `classBug_ad7e3597cf049f1051be94fcaf2fd3598' multiply defi
ned.


LaTeX Warning: Label `classBug_a7a93aae4e4b7a215c94ff85d0bd6e26d' multiply defi
ned.


LaTeX Warning: Label `classBug_a27a0f0b84d15525e409955509e6e3c42' multiply defi
ned.


LaTeX Warning: Label `classBug_a13b95fbf23748ea853b01bfd0b0e7fc8' multiply defi
ned.


LaTeX Warning: Label `classProjectile_a8e3b4bae49558a0febfce8c1accea72d' multip
ly defined.


LaTeX Warning: Label `classProjectile_a0e0b18909c9c154404384707c6515802' multip
ly defined.


LaTeX Warning: Label `classProjectile_a18d1fccd74f92b54f239c13c74cbc00c' multip
ly defined.


LaTeX Warning: Label `classProjectile_aef0d6ffcea7620988cf5446d0c1133fa' multip
ly defined.

)
\openout1 = `refman.aux'.

LaTeX Font Info:    Checking defaults for OML/cmm/m/it on input line 43.
LaTeX Font Info:    ... okay on input line 43.
LaTeX Font Info:    Checking defaults for T1/cmr/m/n on input line 43.
LaTeX Font Info:    ... okay on input line 43.
LaTeX Font Info:    Checking defaults for OT1/cmr/m/n on input line 43.
LaTeX Font Info:    ... okay on input line 43.
LaTeX Font Info:    Checking defaults for OMS/cmsy/m/n on input line 43.
LaTeX Font Info:    ... okay on input line 43.
LaTeX Font Info:    Checking defaults for OMX/cmex/m/n on input line 43.
LaTeX Font Info:    ... okay on input line 43.
LaTeX Font Info:    Checking defaults for U/cmr/m/n on input line 43.
LaTeX Font Info:    ... okay on input line 43.
LaTeX Font Info:    Checking defaults for TS1/cmr/m/n on input line 43.
LaTeX Font Info:    Try loading font information for TS1+cmr on input line 43.
 (/usr/share/texmf-dist/tex/latex/base/ts1cmr.fd
File: ts1cmr.fd 1999/05/25 v2.5h Standard LaTeX font definitions
)
LaTeX Font Info:    ... okay on input line 43.
LaTeX Font Info:    Checking defaults for PD1/pdf/m/n on input line 43.
LaTeX Font Info:    ... okay on input line 43.
LaTeX Font Info:    Checking defaults for PU/pdf/m/n on input line 43.
LaTeX Font Info:    ... okay on input line 43.
LaTeX Font Info:    Try loading font information for T1+phv on input line 43.

(/usr/share/texmf-dist/tex/latex/psnfss/t1phv.fd
File: t1phv.fd 2001/06/04 scalable font definitions for T1/phv.
)
LaTeX Font Info:    Font shape `T1/phv/m/n' will be
(Font)              scaled to size 8.99994pt on input line 43.

(/usr/share/texmf-dist/tex/context/base/supp-pdf.mkii
[Loading MPS to PDF converter (version 2006.09.02).]
\scratchcounter=\count130
\scratchdimen=\dimen128
\scratchbox=\box60
\nofMPsegments=\count131
\nofMParguments=\count132
\everyMPshowfont=\toks25
\MPscratchCnt=\count133
\MPscratchDim=\dimen129
\MPnumerator=\count134
\everyMPtoPDFconversion=\toks26
) (/usr/share/texmf-dist/tex/latex/oberdiek/epstopdf-base.sty
Package: epstopdf-base 2010/02/09 v2.5 Base part for package epstopdf

(/usr/share/texmf-dist/tex/latex/oberdiek/grfext.sty
Package: grfext 2010/08/19 v1.1 Managing graphics extensions (HO)
)
Package grfext Info: Graphics extension search list:
(grfext)             [.png,.pdf,.jpg,.mps,.jpeg,.jbig2,.jb2,.PNG,.PDF,.JPG,.JPE
G,.JBIG2,.JB2,.eps]
(grfext)             \AppendGraphicsExtensions on input line 452.

(/usr/share/texmf-dist/tex/latex/latexconfig/epstopdf-sys.cfg
File: epstopdf-sys.cfg 2010/07/13 v1.3 Configuration of (r)epstopdf for TeX Liv
e
))
\c@lstlisting=\count135
\AtBeginShipoutBox=\box61
Package hyperref Info: Link coloring ON on input line 43.

(/usr/share/texmf-dist/tex/latex/hyperref/nameref.sty
Package: nameref 2010/04/30 v2.40 Cross-referencing by name of section

(/usr/share/texmf-dist/tex/generic/oberdiek/gettitlestring.sty
Package: gettitlestring 2010/12/03 v1.4 Cleanup title references (HO)
)
\c@section@level=\count136
)
LaTeX Info: Redefining \ref on input line 43.
LaTeX Info: Redefining \pageref on input line 43.
LaTeX Info: Redefining \nameref on input line 43.
 (./refman.out) (./refman.out)
\@outlinefile=\write4
\openout4 = `refman.out'.

LaTeX Info: Redefining \degres on input line 43.
LaTeX Info: Redefining \dots on input line 43.
LaTeX Info: Redefining \up on input line 43.
\big@size=\dimen130
Package hyperref Info: Option `pageanchor' set `false' on input line 44.
LaTeX Font Info:    Font shape `T1/phv/m/n' will be
(Font)              scaled to size 12.9599pt on input line 48.
LaTeX Font Info:    Font shape `T1/phv/m/n' will be
(Font)              scaled to size 10.79993pt on input line 48.
LaTeX Font Info:    Font shape `T1/phv/m/n' will be
(Font)              scaled to size 8.09995pt on input line 52.
 [1


{/var/lib/texmf/fonts/map/pdftex/updmap/pdftex.map}] [2

]
LaTeX Font Info:    Font shape `T1/phv/m/n' will be
(Font)              scaled to size 22.39185pt on input line 57.
LaTeX Font Info:    Font shape `T1/phv/bx/n' in size <24.88> not available
(Font)              Font shape `T1/phv/b/n' tried instead on input line 57.
LaTeX Font Info:    Font shape `T1/phv/b/n' will be
(Font)              scaled to size 22.39185pt on input line 57.
LaTeX Font Info:    Try loading font information for OT1+phv on input line 57.

(/usr/share/texmf-dist/tex/latex/psnfss/ot1phv.fd
File: ot1phv.fd 2001/06/04 scalable font definitions for OT1/phv.
)
LaTeX Font Info:    Font shape `OT1/phv/bc/n' will be
(Font)              scaled to size 22.39185pt on input line 57.
 (./refman.toc
LaTeX Font Info:    Font shape `T1/phv/bx/n' in size <10> not available
(Font)              Font shape `T1/phv/b/n' tried instead on input line 2.
LaTeX Font Info:    Font shape `T1/phv/b/n' will be
(Font)              scaled to size 8.99994pt on input line 2.
LaTeX Font Info:    Try loading font information for OT1+ztmcm on input line 2.


(/usr/share/texmf-dist/tex/latex/psnfss/ot1ztmcm.fd
File: ot1ztmcm.fd 2000/01/03 Fontinst v1.801 font definitions for OT1/ztmcm.
)
LaTeX Font Info:    Try loading font information for OML+ztmcm on input line 2.


(/usr/share/texmf-dist/tex/latex/psnfss/omlztmcm.fd
File: omlztmcm.fd 2000/01/03 Fontinst v1.801 font definitions for OML/ztmcm.
)
LaTeX Font Info:    Try loading font information for OMS+ztmcm on input line 2.


(/usr/share/texmf-dist/tex/latex/psnfss/omsztmcm.fd
File: omsztmcm.fd 2000/01/03 Fontinst v1.801 font definitions for OMS/ztmcm.
)
LaTeX Font Info:    Try loading font information for OMX+ztmcm on input line 2.


(/usr/share/texmf-dist/tex/latex/psnfss/omxztmcm.fd
File: omxztmcm.fd 2000/01/03 Fontinst v1.801 font definitions for OMX/ztmcm.
)
LaTeX Font Info:    Try loading font information for OT1+ptm on input line 2.

(/usr/share/texmf-dist/tex/latex/psnfss/ot1ptm.fd
File: ot1ptm.fd 2001/06/04 font definitions for OT1/ptm.
)
LaTeX Font Info:    Font shape `OT1/ptm/bx/n' in size <10> not available
(Font)              Font shape `OT1/ptm/b/n' tried instead on input line 2.
LaTeX Font Info:    Font shape `OT1/ptm/bx/n' in size <7.4> not available
(Font)              Font shape `OT1/ptm/b/n' tried instead on input line 2.
LaTeX Font Info:    Font shape `OT1/ptm/bx/n' in size <6> not available
(Font)              Font shape `OT1/ptm/b/n' tried instead on input line 2.
 [1

]
LaTeX Font Info:    Font shape `T1/phv/bx/n' in size <7> not available
(Font)              Font shape `T1/phv/b/n' tried instead on input line 61.
LaTeX Font Info:    Font shape `T1/phv/b/n' will be
(Font)              scaled to size 6.29996pt on input line 61.
 [2] [3] [4] [5] [6]
[7])
\tf@toc=\write5
\openout5 = `refman.toc'.

 [8]
Package hyperref Info: Option `pageanchor' set `true' on input line 60.

Chapitre 1.
LaTeX Font Info:    Font shape `T1/phv/m/n' will be
(Font)              scaled to size 18.66588pt on input line 61.
LaTeX Font Info:    Font shape `T1/phv/bx/n' in size <20.74> not available
(Font)              Font shape `T1/phv/b/n' tried instead on input line 61.
LaTeX Font Info:    Font shape `T1/phv/b/n' will be
(Font)              scaled to size 18.66588pt on input line 61.
LaTeX Font Info:    Font shape `OT1/phv/bc/n' will be
(Font)              scaled to size 18.66588pt on input line 61.
(./hierarchy.tex
LaTeX Font Info:    Font shape `T1/phv/bx/n' in size <14.4> not available
(Font)              Font shape `T1/phv/b/n' tried instead on input line 1.
LaTeX Font Info:    Font shape `T1/phv/b/n' will be
(Font)              scaled to size 12.9599pt on input line 1.
LaTeX Font Info:    Font shape `OT1/phv/bc/n' will be
(Font)              scaled to size 12.9599pt on input line 1.
) [1


] [2

]
Chapitre 2.
(./annotated.tex) [3] [4

]
Chapitre 3.
(./classAnt.tex
LaTeX Font Info:    Try loading font information for T1+pcr on input line 12.
 (/usr/share/texmf-dist/tex/latex/psnfss/t1pcr.fd
File: t1pcr.fd 2001/06/04 font definitions for T1/pcr.
)
Package epstopdf Info: Source file: <classAnt.eps>
(epstopdf)                    date: 2011-06-08 23:37:49
(epstopdf)                    size: 3754 bytes
(epstopdf)             Output file: <classAnt-eps-converted-to.pdf>
(epstopdf)                    date: 2011-06-09 00:57:33
(epstopdf)                    size: 4449 bytes
(epstopdf)             Command: <repstopdf --outfile=classAnt-eps-converted-to.
pdf classAnt.eps>
(epstopdf)             \includegraphics on input line 17.
Package epstopdf Info: Output file is already uptodate.

<classAnt-eps-converted-to.pdf, id=1385, 501.875pt x 955.95143pt>
File: classAnt-eps-converted-to.pdf Graphic file (type pdf)

<use classAnt-eps-converted-to.pdf>
LaTeX Font Info:    Font shape `T1/phv/bx/n' in size <12> not available
(Font)              Font shape `T1/phv/b/n' tried instead on input line 20.
LaTeX Font Info:    Font shape `T1/phv/b/n' will be
(Font)              scaled to size 10.79993pt on input line 20.
LaTeX Font Info:    Font shape `OT1/phv/bc/n' will be
(Font)              scaled to size 10.79993pt on input line 20.
LaTeX Font Info:    Font shape `T1/phv/m/it' in size <9> not available
(Font)              Font shape `T1/phv/m/sl' tried instead on input line 24.
LaTeX Font Info:    Font shape `T1/phv/m/sl' will be
(Font)              scaled to size 8.09995pt on input line 24.

Overfull \hbox (18.26218pt too wide) in paragraph at lines 34--35
[]\T1/phv/m/n/10 void [][]paint[][] (QPain-ter $\OMS/ztmcm/m/n/10 ^^C$\T1/phv/m
/n/10 painter, const QSty-leOp-tion-Gra-phic-sI-tem $\OMS/ztmcm/m/n/10 ^^C$\T1/
phv/m/n/10 option, QWid-get $\OMS/ztmcm/m/n/10 ^^C$\T1/phv/m/n/10 widget)
 []


Underfull \hbox (badness 10000) in paragraph at lines 34--35

 []

[5 <./classAnt-eps-converted-to.pdf>]
LaTeX Font Info:    Font shape `OT1/phv/bc/n' will be
(Font)              scaled to size 8.99994pt on input line 94.
LaTeX Font Info:    Font shape `OT1/phv/bc/it' in size <10> not available
(Font)              Font shape `OT1/phv/bc/sl' tried instead on input line 94.
LaTeX Font Info:    Font shape `OT1/phv/bc/sl' will be
(Font)              scaled to size 8.99994pt on input line 94.
 [6]
LaTeX Font Info:    Font shape `T1/phv/m/it' in size <10> not available
(Font)              Font shape `T1/phv/m/sl' tried instead on input line 98.
LaTeX Font Info:    Font shape `T1/phv/m/sl' will be
(Font)              scaled to size 8.99994pt on input line 98.

Overfull \hbox (21.88861pt too wide) in alignment at lines 97--106
 [] [] 
 []


Underfull \vbox (badness 10000) detected at line 106
 []


Package hyperref Warning: Token not allowed in a PDF string (Unicode):
(hyperref)                removing `math shift' on input line 114.


Package hyperref Warning: Token not allowed in a PDF string (Unicode):
(hyperref)                removing `\sim' on input line 114.


Package hyperref Warning: Token not allowed in a PDF string (Unicode):
(hyperref)                removing `math shift' on input line 114.

LaTeX Font Info:    Try loading font information for OT1+pcr on input line 126.

(/usr/share/texmf-dist/tex/latex/psnfss/ot1pcr.fd
File: ot1pcr.fd 2001/06/04 font definitions for OT1/pcr.
)

LaTeX Font Warning: Font shape `OT1/pcr/bc/n' undefined
(Font)              using `OT1/pcr/m/n' instead on input line 126.


Overfull \hbox (21.88861pt too wide) in alignment at lines 129--132
 [] [] 
 []


Underfull \vbox (badness 10000) detected at line 132
 []


Overfull \hbox (21.88861pt too wide) in alignment at lines 155--158
 [] [] 
 []


Underfull \vbox (badness 10000) detected at line 158
 []

[7]
Overfull \hbox (21.88861pt too wide) in alignment at lines 181--184
 [] [] 
 []


Underfull \vbox (badness 10000) detected at line 184
 []


Overfull \hbox (21.88861pt too wide) in alignment at lines 195--198
 [] [] 
 []


Underfull \vbox (badness 10000) detected at line 198
 []

[8]) (./classBug.tex
Package epstopdf Info: Source file: <classBug.eps>
(epstopdf)                    date: 2011-06-08 23:37:49
(epstopdf)                    size: 4009 bytes
(epstopdf)             Output file: <classBug-eps-converted-to.pdf>
(epstopdf)                    date: 2011-06-09 00:57:33
(epstopdf)                    size: 5863 bytes
(epstopdf)             Command: <repstopdf --outfile=classBug-eps-converted-to.
pdf classBug.eps>
(epstopdf)             \includegraphics on input line 17.
Package epstopdf Info: Output file is already uptodate.

<classBug-eps-converted-to.pdf, id=1474, 501.875pt x 143.39572pt>
File: classBug-eps-converted-to.pdf Graphic file (type pdf)

<use classBug-eps-converted-to.pdf> [9 <./classBug-eps-converted-to.pdf>]
[10]
Overfull \hbox (21.88861pt too wide) in alignment at lines 95--112
 [] [] 
 []


Underfull \vbox (badness 10000) detected at line 112
 []

pdfTeX warning (ext4): destination with the same identifier (name{classBug_a8e0
ea03e85c9324a13328da60e5c52ee}) has been already used, duplicate ignored
<to be read again> 
                   \relax 
l.123 ...}{\ttfamily  \mbox{[}protected\mbox{]}}}}
                                                  
Overfull \hbox (21.88861pt too wide) in alignment at lines 126--129
 [] [] 
 []


Underfull \vbox (badness 10000) detected at line 129
 []

pdfTeX warning (ext4): destination with the same identifier (name{classBug_a9b3
9c25361faad07b1bf2dd927d09dab}) has been already used, duplicate ignored
<to be read again> 
                   \relax 
l.137 ) const}}
               pdfTeX warning (ext4): destination with the same identifier (nam
e{classBug_ab7379f5a0172e2d536e20f3f29915e02}) has been already used, duplicate
 ignored
<to be read again> 
                   \relax 
l.149 ...3cm}{\ttfamily  \mbox{[}signal\mbox{]}}}}
                                                  
Overfull \hbox (21.88861pt too wide) in alignment at lines 152--155
 [] [] 
 []


Underfull \vbox (badness 10000) detected at line 155
 []

pdfTeX warning (ext4): destination with the same identifier (name{classBug_aced
471cedcfa855baddf4c827003e755}) has been already used, duplicate ignored
<to be read again> 
                   \relax 
l.163 )}}
         pdfTeX warning (ext4): destination with the same identifier (name{clas
sBug_a33f90dffa55e1dce80dc2416c75a53c8}) has been already used, duplicate ignor
ed
<to be read again> 
                   \relax 
l.175 ...3cm}{\ttfamily  \mbox{[}signal\mbox{]}}}}
                                                   [11]
Overfull \hbox (21.88861pt too wide) in alignment at lines 178--181
 [] [] 
 []


Underfull \vbox (badness 10000) detected at line 181
 []


Overfull \hbox (21.88861pt too wide) in alignment at lines 192--195
 [] [] 
 []


Underfull \vbox (badness 10000) detected at line 195
 []

pdfTeX warning (ext4): destination with the same identifier (name{classBug_a587
a36d3145c2b4dba6c689af22c65ac}) has been already used, duplicate ignored
<to be read again> 
                   \relax 
l.207 ) const}}
               pdfTeX warning (ext4): destination with the same identifier (nam
e{classBug_ad7e3597cf049f1051be94fcaf2fd3598}) has been already used, duplicate
 ignored
<to be read again> 
                   \relax 
l.223 ...}{\ttfamily  \mbox{[}protected\mbox{]}}}}
                                                  pdfTeX warning (ext4): destin
ation with the same identifier (name{classBug_a7a93aae4e4b7a215c94ff85d0bd6e26d
}) has been already used, duplicate ignored
<to be read again> 
                   \relax 
l.243 ...cm}{\bf Render}$\ast$ {\bf Bug::parent}}}
                                                   [12]pdfTeX warning (ext4): d
estination with the same identifier (name{classBug_a27a0f0b84d15525e409955509e6
e3c42}) has been already used, duplicate ignored
<to be read again> 
                   \relax 
l.253 ...}{\ttfamily  \mbox{[}protected\mbox{]}}}}
                                                  pdfTeX warning (ext4): destin
ation with the same identifier (name{classBug_a13b95fbf23748ea853b01bfd0b0e7fc8
}) has been already used, duplicate ignored
<to be read again> 
                   \relax 
l.258 ...}{\ttfamily  \mbox{[}protected\mbox{]}}}}
                                                  ) (./classHatchery.tex
[13]
Overfull \hbox (21.88861pt too wide) in alignment at lines 48--55
 [] [] 
 []


Underfull \vbox (badness 10000) detected at line 55
 []


Overfull \hbox (21.88861pt too wide) in alignment at lines 70--75
 [] [] 
 []


Underfull \vbox (badness 10000) detected at line 75
 []

) (./classMosquito.tex
Underfull \vbox (badness 1990) has occurred while \output is active []

 [14]
Package epstopdf Info: Source file: <classMosquito.eps>
(epstopdf)                    date: 2011-06-08 23:37:49
(epstopdf)                    size: 3764 bytes
(epstopdf)             Output file: <classMosquito-eps-converted-to.pdf>
(epstopdf)                    date: 2011-06-09 00:57:34
(epstopdf)                    size: 4787 bytes
(epstopdf)             Command: <repstopdf --outfile=classMosquito-eps-converte
d-to.pdf classMosquito.eps>
(epstopdf)             \includegraphics on input line 17.
Package epstopdf Info: Output file is already uptodate.

<classMosquito-eps-converted-to.pdf, id=1571, 501.875pt x 573.57286pt>
File: classMosquito-eps-converted-to.pdf Graphic file (type pdf)

<use classMosquito-eps-converted-to.pdf>
Overfull \hbox (18.26218pt too wide) in paragraph at lines 34--35
[]\T1/phv/m/n/10 void [][]paint[][] (QPain-ter $\OMS/ztmcm/m/n/10 ^^C$\T1/phv/m
/n/10 painter, const QSty-leOp-tion-Gra-phic-sI-tem $\OMS/ztmcm/m/n/10 ^^C$\T1/
phv/m/n/10 option, QWid-get $\OMS/ztmcm/m/n/10 ^^C$\T1/phv/m/n/10 widget)
 []


Underfull \hbox (badness 10000) in paragraph at lines 34--35

 []

[15 <./classMosquito-eps-converted-to.pdf>]
Overfull \hbox (21.88861pt too wide) in alignment at lines 87--96
 [] [] 
 []


Underfull \vbox (badness 10000) detected at line 96
 []


Package hyperref Warning: Token not allowed in a PDF string (Unicode):
(hyperref)                removing `math shift' on input line 104.


Package hyperref Warning: Token not allowed in a PDF string (Unicode):
(hyperref)                removing `\sim' on input line 104.


Package hyperref Warning: Token not allowed in a PDF string (Unicode):
(hyperref)                removing `math shift' on input line 104.

pdfTeX warning (ext4): destination with the same identifier (name{classBug_a8e0
ea03e85c9324a13328da60e5c52ee}) has been already used, duplicate ignored
<to be read again> 
                   \relax 
l.116 ...  \mbox{[}protected, inherited\mbox{]}}}}
                                                  
Overfull \hbox (21.88861pt too wide) in alignment at lines 119--122
 [] [] 
 []


Underfull \vbox (badness 10000) detected at line 122
 []

pdfTeX warning (ext4): destination with the same identifier (name{classBug_a9b3
9c25361faad07b1bf2dd927d09dab}) has been already used, duplicate ignored
<to be read again> 
                   \relax 
l.130 ...}{\ttfamily  \mbox{[}inherited\mbox{]}}}}
                                                   [16]pdfTeX warning (ext4): d
estination with the same identifier (name{classBug_ab7379f5a0172e2d536e20f3f299
15e02}) has been already used, duplicate ignored
<to be read again> 
                   \relax 
l.142 ...ily  \mbox{[}signal, inherited\mbox{]}}}}
                                                  
Overfull \hbox (21.88861pt too wide) in alignment at lines 145--148
 [] [] 
 []


Underfull \vbox (badness 10000) detected at line 148
 []

pdfTeX warning (ext4): destination with the same identifier (name{classBug_aced
471cedcfa855baddf4c827003e755}) has been already used, duplicate ignored
<to be read again> 
                   \relax 
l.156 ...}{\ttfamily  \mbox{[}inherited\mbox{]}}}}
                                                  pdfTeX warning (ext4): destin
ation with the same identifier (name{classBug_a33f90dffa55e1dce80dc2416c75a53c8
}) has been already used, duplicate ignored
<to be read again> 
                   \relax 
l.168 ...ily  \mbox{[}signal, inherited\mbox{]}}}}
                                                  
Overfull \hbox (21.88861pt too wide) in alignment at lines 171--174
 [] [] 
 []


Underfull \vbox (badness 10000) detected at line 174
 []

pdfTeX warning (ext4): destination with the same identifier (name{classBug_a634
02c05b5ba3fb034e41f1ced0e4b9f}) has been already used, duplicate ignored
<to be read again> 
                   \relax 
l.182 ...}{\ttfamily  \mbox{[}inherited\mbox{]}}}}
                                                  
Overfull \hbox (21.88861pt too wide) in alignment at lines 185--188
 [] [] 
 []


Underfull \vbox (badness 10000) detected at line 188
 []

pdfTeX warning (ext4): destination with the same identifier (name{classBug_a587
a36d3145c2b4dba6c689af22c65ac}) has been already used, duplicate ignored
<to be read again> 
                   \relax 
l.211 ...}{\ttfamily  \mbox{[}inherited\mbox{]}}}}
                                                   [17]pdfTeX warning (ext4): d
estination with the same identifier (name{classBug_ad7e3597cf049f1051be94fcaf2f
d3598}) has been already used, duplicate ignored
<to be read again> 
                   \relax 
l.222 ...  \mbox{[}protected, inherited\mbox{]}}}}
                                                  pdfTeX warning (ext4): destin
ation with the same identifier (name{classBug_a7a93aae4e4b7a215c94ff85d0bd6e26d
}) has been already used, duplicate ignored
<to be read again> 
                   \relax 
l.232 ...}{\ttfamily  \mbox{[}inherited\mbox{]}}}}
                                                  pdfTeX warning (ext4): destin
ation with the same identifier (name{classBug_a27a0f0b84d15525e409955509e6e3c42
}) has been already used, duplicate ignored
<to be read again> 
                   \relax 
l.237 ...  \mbox{[}protected, inherited\mbox{]}}}}
                                                  pdfTeX warning (ext4): destin
ation with the same identifier (name{classBug_a13b95fbf23748ea853b01bfd0b0e7fc8
}) has been already used, duplicate ignored
<to be read again> 
                   \relax 
l.242 ...  \mbox{[}protected, inherited\mbox{]}}}}
                                                  ) (./classProjectile.tex
Package epstopdf Info: Source file: <classProjectile.eps>
(epstopdf)                    date: 2011-06-08 23:37:49
(epstopdf)                    size: 3772 bytes
(epstopdf)             Output file: <classProjectile-eps-converted-to.pdf>
(epstopdf)                    date: 2011-06-09 00:57:35
(epstopdf)                    size: 4793 bytes
(epstopdf)             Command: <repstopdf --outfile=classProjectile-eps-conver
ted-to.pdf classProjectile.eps>
(epstopdf)             \includegraphics on input line 17.
Package epstopdf Info: Output file is already uptodate.

<classProjectile-eps-converted-to.pdf, id=1634, 501.875pt x 550.00482pt>
File: classProjectile-eps-converted-to.pdf Graphic file (type pdf)

<use classProjectile-eps-converted-to.pdf> [18 <./classProjectile-eps-converted
-to.pdf>]
Overfull \hbox (21.88861pt too wide) in alignment at lines 73--82
 [] [] 
 []


Underfull \vbox (badness 10000) detected at line 82
 []

[19]
Overfull \hbox (21.88861pt too wide) in alignment at lines 96--99
 [] [] 
 []


Underfull \vbox (badness 10000) detected at line 99
 []


Overfull \hbox (21.88861pt too wide) in alignment at lines 122--125
 [] [] 
 []


Underfull \vbox (badness 10000) detected at line 125
 []

[20]) (./classRender.tex [21]

Package hyperref Warning: Token not allowed in a PDF string (Unicode):
(hyperref)                removing `math shift' on input line 117.


Package hyperref Warning: Token not allowed in a PDF string (Unicode):
(hyperref)                removing `\sim' on input line 117.


Package hyperref Warning: Token not allowed in a PDF string (Unicode):
(hyperref)                removing `math shift' on input line 117.

[22]
Overfull \hbox (21.88861pt too wide) in alignment at lines 141--144
 [] [] 
 []


Underfull \vbox (badness 10000) detected at line 144
 []


Overfull \hbox (21.88861pt too wide) in alignment at lines 155--158
 [] [] 
 []


Underfull \vbox (badness 10000) detected at line 158
 []


Overfull \hbox (21.88861pt too wide) in alignment at lines 169--172
 [] [] 
 []


Underfull \vbox (badness 10000) detected at line 172
 []


Overfull \hbox (21.88861pt too wide) in alignment at lines 183--186
 [] [] 
 []


Underfull \vbox (badness 10000) detected at line 186
 []

[23]
Overfull \hbox (21.88861pt too wide) in alignment at lines 207--210
 [] [] 
 []


Underfull \vbox (badness 10000) detected at line 210
 []


Overfull \hbox (21.88861pt too wide) in alignment at lines 221--224
 [] [] 
 []


Underfull \vbox (badness 10000) detected at line 224
 []


Overfull \hbox (21.88861pt too wide) in alignment at lines 249--256
 [] [] 
 []


Underfull \vbox (badness 10000) detected at line 256
 []

[24]
Overfull \hbox (21.88861pt too wide) in alignment at lines 291--294
 [] [] 
 []


Underfull \vbox (badness 10000) detected at line 294
 []


Overfull \hbox (21.88861pt too wide) in alignment at lines 305--308
 [] [] 
 []


Underfull \vbox (badness 10000) detected at line 308
 []


Overfull \hbox (21.88861pt too wide) in alignment at lines 337--340
 [] [] 
 []


Underfull \vbox (badness 10000) detected at line 340
 []


Overfull \hbox (21.88861pt too wide) in alignment at lines 351--354
 [] [] 
 []


Underfull \vbox (badness 10000) detected at line 354
 []


Overfull \hbox (21.88861pt too wide) in alignment at lines 368--371
 [] [] 
 []


Underfull \vbox (badness 10000) detected at line 371
 []


Underfull \vbox (badness 10000) has occurred while \output is active []

 [25])
(./classRoach.tex
Package epstopdf Info: Source file: <classRoach.eps>
(epstopdf)                    date: 2011-06-08 23:37:49
(epstopdf)                    size: 3758 bytes
(epstopdf)             Output file: <classRoach-eps-converted-to.pdf>
(epstopdf)                    date: 2011-06-09 00:57:35
(epstopdf)                    size: 4792 bytes
(epstopdf)             Command: <repstopdf --outfile=classRoach-eps-converted-t
o.pdf classRoach.eps>
(epstopdf)             \includegraphics on input line 17.
Package epstopdf Info: Output file is already uptodate.

<classRoach-eps-converted-to.pdf, id=1808, 501.875pt x 716.96857pt>
File: classRoach-eps-converted-to.pdf Graphic file (type pdf)

<use classRoach-eps-converted-to.pdf> [26 <./classRoach-eps-converted-to.pdf>]
Overfull \hbox (18.26218pt too wide) in paragraph at lines 34--35
[]\T1/phv/m/n/10 void [][]paint[][] (QPain-ter $\OMS/ztmcm/m/n/10 ^^C$\T1/phv/m
/n/10 painter, const QSty-leOp-tion-Gra-phic-sI-tem $\OMS/ztmcm/m/n/10 ^^C$\T1/
phv/m/n/10 option, QWid-get $\OMS/ztmcm/m/n/10 ^^C$\T1/phv/m/n/10 widget)
 []


Underfull \hbox (badness 10000) in paragraph at lines 34--35

 []

[27]

Package hyperref Warning: Token not allowed in a PDF string (Unicode):
(hyperref)                removing `math shift' on input line 93.


Package hyperref Warning: Token not allowed in a PDF string (Unicode):
(hyperref)                removing `\sim' on input line 93.


Package hyperref Warning: Token not allowed in a PDF string (Unicode):
(hyperref)                removing `math shift' on input line 93.

pdfTeX warning (ext4): destination with the same identifier (name{classBug_a8e0
ea03e85c9324a13328da60e5c52ee}) has been already used, duplicate ignored
<to be read again> 
                   \relax 
l.105 ...  \mbox{[}protected, inherited\mbox{]}}}}
                                                  
Overfull \hbox (21.88861pt too wide) in alignment at lines 108--111
 [] [] 
 []


Underfull \vbox (badness 10000) detected at line 111
 []

pdfTeX warning (ext4): destination with the same identifier (name{classBug_a9b3
9c25361faad07b1bf2dd927d09dab}) has been already used, duplicate ignored
<to be read again> 
                   \relax 
l.119 ...}{\ttfamily  \mbox{[}inherited\mbox{]}}}}
                                                  pdfTeX warning (ext4): destin
ation with the same identifier (name{classBug_ab7379f5a0172e2d536e20f3f29915e02
}) has been already used, duplicate ignored
<to be read again> 
                   \relax 
l.131 ...ily  \mbox{[}signal, inherited\mbox{]}}}}
                                                  
Overfull \hbox (21.88861pt too wide) in alignment at lines 134--137
 [] [] 
 []


Underfull \vbox (badness 10000) detected at line 137
 []

pdfTeX warning (ext4): destination with the same identifier (name{classBug_aced
471cedcfa855baddf4c827003e755}) has been already used, duplicate ignored
<to be read again> 
                   \relax 
l.145 ...}{\ttfamily  \mbox{[}inherited\mbox{]}}}}
                                                  pdfTeX warning (ext4): destin
ation with the same identifier (name{classBug_a33f90dffa55e1dce80dc2416c75a53c8
}) has been already used, duplicate ignored
<to be read again> 
                   \relax 
l.157 ...ily  \mbox{[}signal, inherited\mbox{]}}}}
                                                   [28]
Overfull \hbox (21.88861pt too wide) in alignment at lines 160--163
 [] [] 
 []


Underfull \vbox (badness 10000) detected at line 163
 []

pdfTeX warning (ext4): destination with the same identifier (name{classBug_a634
02c05b5ba3fb034e41f1ced0e4b9f}) has been already used, duplicate ignored
<to be read again> 
                   \relax 
l.171 ...}{\ttfamily  \mbox{[}inherited\mbox{]}}}}
                                                  
Overfull \hbox (21.88861pt too wide) in alignment at lines 174--177
 [] [] 
 []


Underfull \vbox (badness 10000) detected at line 177
 []

pdfTeX warning (ext4): destination with the same identifier (name{classBug_a587
a36d3145c2b4dba6c689af22c65ac}) has been already used, duplicate ignored
<to be read again> 
                   \relax 
l.200 ...}{\ttfamily  \mbox{[}inherited\mbox{]}}}}
                                                  pdfTeX warning (ext4): destin
ation with the same identifier (name{classBug_ad7e3597cf049f1051be94fcaf2fd3598
}) has been already used, duplicate ignored
<to be read again> 
                   \relax 
l.211 ...  \mbox{[}protected, inherited\mbox{]}}}}
                                                  pdfTeX warning (ext4): destin
ation with the same identifier (name{classBug_a7a93aae4e4b7a215c94ff85d0bd6e26d
}) has been already used, duplicate ignored
<to be read again> 
                   \relax 
l.221 ...}{\ttfamily  \mbox{[}inherited\mbox{]}}}}
                                                  pdfTeX warning (ext4): destin
ation with the same identifier (name{classBug_a27a0f0b84d15525e409955509e6e3c42
}) has been already used, duplicate ignored
<to be read again> 
                   \relax 
l.226 ...  \mbox{[}protected, inherited\mbox{]}}}}
                                                  pdfTeX warning (ext4): destin
ation with the same identifier (name{classBug_a13b95fbf23748ea853b01bfd0b0e7fc8
}) has been already used, duplicate ignored
<to be read again> 
                   \relax 
l.231 ...  \mbox{[}protected, inherited\mbox{]}}}}
                                                   [29]) (./classTower.tex
Overfull \hbox (18.26218pt too wide) in paragraph at lines 31--32
[]\T1/phv/m/n/10 void [][]paint[][] (QPain-ter $\OMS/ztmcm/m/n/10 ^^C$\T1/phv/m
/n/10 painter, const QSty-leOp-tion-Gra-phic-sI-tem $\OMS/ztmcm/m/n/10 ^^C$\T1/
phv/m/n/10 option, QWid-get $\OMS/ztmcm/m/n/10 ^^C$\T1/phv/m/n/10 widget)
 []


Underfull \hbox (badness 10000) in paragraph at lines 31--32

 []

[30]
Overfull \hbox (21.88861pt too wide) in alignment at lines 94--99
 [] [] 
 []


Underfull \vbox (badness 10000) detected at line 99
 []

[31] [32]
Overfull \hbox (21.88861pt too wide) in alignment at lines 217--220
 [] [] 
 []


Underfull \vbox (badness 10000) detected at line 220
 []

) (./classUI.tex [33] [34]
Underfull \vbox (badness 2529) has occurred while \output is active []

 [35]
Overfull \hbox (21.88861pt too wide) in alignment at lines 123--126
 [] [] 
 []


Underfull \vbox (badness 10000) detected at line 126
 []


Overfull \hbox (21.88861pt too wide) in alignment at lines 176--179
 [] [] 
 []


Underfull \vbox (badness 10000) detected at line 179
 []

[36]
Overfull \hbox (21.88861pt too wide) in alignment at lines 226--229
 [] [] 
 []


Underfull \vbox (badness 10000) detected at line 229
 []


Overfull \hbox (21.88861pt too wide) in alignment at lines 249--252
 [] [] 
 []


Underfull \vbox (badness 10000) detected at line 252
 []


Overfull \hbox (21.88861pt too wide) in alignment at lines 272--275
 [] [] 
 []


Underfull \vbox (badness 10000) detected at line 275
 []

[37]) (./classWasp.tex [38]
Package epstopdf Info: Source file: <classWasp.eps>
(epstopdf)                    date: 2011-06-08 23:37:49
(epstopdf)                    size: 3756 bytes
(epstopdf)             Output file: <classWasp-eps-converted-to.pdf>
(epstopdf)                    date: 2011-06-09 00:57:36
(epstopdf)                    size: 4737 bytes
(epstopdf)             Command: <repstopdf --outfile=classWasp-eps-converted-to
.pdf classWasp.eps>
(epstopdf)             \includegraphics on input line 17.
Package epstopdf Info: Output file is already uptodate.

<classWasp-eps-converted-to.pdf, id=2071, 501.875pt x 787.25116pt>
File: classWasp-eps-converted-to.pdf Graphic file (type pdf)

<use classWasp-eps-converted-to.pdf>
Overfull \hbox (18.26218pt too wide) in paragraph at lines 34--35
[]\T1/phv/m/n/10 void [][]paint[][] (QPain-ter $\OMS/ztmcm/m/n/10 ^^C$\T1/phv/m
/n/10 painter, const QSty-leOp-tion-Gra-phic-sI-tem $\OMS/ztmcm/m/n/10 ^^C$\T1/
phv/m/n/10 option, QWid-get $\OMS/ztmcm/m/n/10 ^^C$\T1/phv/m/n/10 widget)
 []


Underfull \hbox (badness 10000) in paragraph at lines 34--35

 []

[39 <./classWasp-eps-converted-to.pdf>]
Overfull \hbox (21.88861pt too wide) in alignment at lines 87--96
 [] [] 
 []


Underfull \vbox (badness 10000) detected at line 96
 []


Package hyperref Warning: Token not allowed in a PDF string (Unicode):
(hyperref)                removing `math shift' on input line 104.


Package hyperref Warning: Token not allowed in a PDF string (Unicode):
(hyperref)                removing `\sim' on input line 104.


Package hyperref Warning: Token not allowed in a PDF string (Unicode):
(hyperref)                removing `math shift' on input line 104.

pdfTeX warning (ext4): destination with the same identifier (name{classBug_a8e0
ea03e85c9324a13328da60e5c52ee}) has been already used, duplicate ignored
<to be read again> 
                   \relax 
l.116 ...  \mbox{[}protected, inherited\mbox{]}}}}
                                                  
Overfull \hbox (21.88861pt too wide) in alignment at lines 119--122
 [] [] 
 []


Underfull \vbox (badness 10000) detected at line 122
 []

pdfTeX warning (ext4): destination with the same identifier (name{classBug_a9b3
9c25361faad07b1bf2dd927d09dab}) has been already used, duplicate ignored
<to be read again> 
                   \relax 
l.130 ...}{\ttfamily  \mbox{[}inherited\mbox{]}}}}
                                                  
Underfull \vbox (badness 2343) has occurred while \output is active []

 [40]pdfTeX warning (ext4): destination with the same identifier (name{classBug
_ab7379f5a0172e2d536e20f3f29915e02}) has been already used, duplicate ignored
<to be read again> 
                   \relax 
l.142 ...ily  \mbox{[}signal, inherited\mbox{]}}}}
                                                  
Overfull \hbox (21.88861pt too wide) in alignment at lines 145--148
 [] [] 
 []


Underfull \vbox (badness 10000) detected at line 148
 []

pdfTeX warning (ext4): destination with the same identifier (name{classBug_aced
471cedcfa855baddf4c827003e755}) has been already used, duplicate ignored
<to be read again> 
                   \relax 
l.156 ...}{\ttfamily  \mbox{[}inherited\mbox{]}}}}
                                                  pdfTeX warning (ext4): destin
ation with the same identifier (name{classBug_a33f90dffa55e1dce80dc2416c75a53c8
}) has been already used, duplicate ignored
<to be read again> 
                   \relax 
l.168 ...ily  \mbox{[}signal, inherited\mbox{]}}}}
                                                  
Overfull \hbox (21.88861pt too wide) in alignment at lines 171--174
 [] [] 
 []


Underfull \vbox (badness 10000) detected at line 174
 []

pdfTeX warning (ext4): destination with the same identifier (name{classBug_a634
02c05b5ba3fb034e41f1ced0e4b9f}) has been already used, duplicate ignored
<to be read again> 
                   \relax 
l.182 ...}{\ttfamily  \mbox{[}inherited\mbox{]}}}}
                                                  
Overfull \hbox (21.88861pt too wide) in alignment at lines 185--188
 [] [] 
 []


Underfull \vbox (badness 10000) detected at line 188
 []

pdfTeX warning (ext4): destination with the same identifier (name{classBug_a587
a36d3145c2b4dba6c689af22c65ac}) has been already used, duplicate ignored
<to be read again> 
                   \relax 
l.211 ...}{\ttfamily  \mbox{[}inherited\mbox{]}}}}
                                                   [41]pdfTeX warning (ext4): d
estination with the same identifier (name{classBug_ad7e3597cf049f1051be94fcaf2f
d3598}) has been already used, duplicate ignored
<to be read again> 
                   \relax 
l.222 ...  \mbox{[}protected, inherited\mbox{]}}}}
                                                  pdfTeX warning (ext4): destin
ation with the same identifier (name{classBug_a7a93aae4e4b7a215c94ff85d0bd6e26d
}) has been already used, duplicate ignored
<to be read again> 
                   \relax 
l.232 ...}{\ttfamily  \mbox{[}inherited\mbox{]}}}}
                                                  pdfTeX warning (ext4): destin
ation with the same identifier (name{classBug_a27a0f0b84d15525e409955509e6e3c42
}) has been already used, duplicate ignored
<to be read again> 
                   \relax 
l.237 ...  \mbox{[}protected, inherited\mbox{]}}}}
                                                  pdfTeX warning (ext4): destin
ation with the same identifier (name{classBug_a13b95fbf23748ea853b01bfd0b0e7fc8
}) has been already used, duplicate ignored
<to be read again> 
                   \relax 
l.242 ...  \mbox{[}protected, inherited\mbox{]}}}}
                                                  ) (./classWater.tex
Package epstopdf Info: Source file: <classWater.eps>
(epstopdf)                    date: 2011-06-08 23:37:49
(epstopdf)                    size: 3772 bytes
(epstopdf)             Output file: <classWater-eps-converted-to.pdf>
(epstopdf)                    date: 2011-06-09 00:57:37
(epstopdf)                    size: 4791 bytes
(epstopdf)             Command: <repstopdf --outfile=classWater-eps-converted-t
o.pdf classWater.eps>
(epstopdf)             \includegraphics on input line 17.
Package epstopdf Info: Output file is already uptodate.

<classWater-eps-converted-to.pdf, id=2134, 501.875pt x 550.00482pt>
File: classWater-eps-converted-to.pdf Graphic file (type pdf)

<use classWater-eps-converted-to.pdf> [42 <./classWater-eps-converted-to.pdf>]
Overfull \hbox (18.26218pt too wide) in paragraph at lines 30--31
[]\T1/phv/m/n/10 void [][]paint[][] (QPain-ter $\OMS/ztmcm/m/n/10 ^^C$\T1/phv/m
/n/10 painter, const QSty-leOp-tion-Gra-phic-sI-tem $\OMS/ztmcm/m/n/10 ^^C$\T1/
phv/m/n/10 option, QWid-get $\OMS/ztmcm/m/n/10 ^^C$\T1/phv/m/n/10 widget)
 []


Underfull \hbox (badness 10000) in paragraph at lines 30--31

 []


Overfull \hbox (21.88861pt too wide) in alignment at lines 59--66
 [] [] 
 []


Underfull \vbox (badness 10000) detected at line 66
 []

pdfTeX warning (ext4): destination with the same identifier (name{classProjecti
le_a8e3b4bae49558a0febfce8c1accea72d}) has been already used, duplicate ignored

<to be read again> 
                   \relax 
l.77 ...y  \mbox{[}protected, inherited\mbox{]}}}}
                                                  
Overfull \hbox (21.88861pt too wide) in alignment at lines 80--83
 [] [] 
 []


Underfull \vbox (badness 10000) detected at line 83
 []

pdfTeX warning (ext4): destination with the same identifier (name{classProjecti
le_a0e0b18909c9c154404384707c6515802}) has been already used, duplicate ignored

<to be read again> 
                   \relax 
l.91 ...m}{\ttfamily  \mbox{[}inherited\mbox{]}}}}
                                                   [43]pdfTeX warning (ext4): d
estination with the same identifier (name{classProjectile_a18d1fccd74f92b54f239
c13c74cbc00c}) has been already used, duplicate ignored
<to be read again> 
                   \relax 
l.103 ...ily  \mbox{[}signal, inherited\mbox{]}}}}
                                                  
Overfull \hbox (21.88861pt too wide) in alignment at lines 106--109
 [] [] 
 []


Underfull \vbox (badness 10000) detected at line 109
 []

pdfTeX warning (ext4): destination with the same identifier (name{classProjecti
le_aef0d6ffcea7620988cf5446d0c1133fa}) has been already used, duplicate ignored

<to be read again> 
                   \relax 
l.129 ...}{\ttfamily  \mbox{[}inherited\mbox{]}}}}
                                                  ) (./refman.ind [44] [45

]
[46] [47] [48] [49] [50

])
Package atveryend Info: Empty hook `BeforeClearDocument' on input line 78.
Package atveryend Info: Empty hook `AfterLastShipout' on input line 78.
 (./refman.aux)
Package atveryend Info: Executing hook `AtVeryEndDocument' on input line 78.
Package atveryend Info: Executing hook `AtEndAfterFileList' on input line 78.
Package rerunfilecheck Info: File `refman.out' has not changed.
(rerunfilecheck)             Checksum: A3D19AC4AD20A15FAD58C9F260DB613D;34480.


LaTeX Font Warning: Some font shapes were not available, defaults substituted.


LaTeX Warning: There were multiply-defined labels.

Package atveryend Info: Empty hook `AtVeryVeryEnd' on input line 78.
 ) 
Here is how much of TeX's memory you used:
 11897 strings out of 493772
 175805 string characters out of 3150565
 276629 words of memory out of 3000000
 14374 multiletter control sequences out of 15000+200000
 59434 words of font info for 75 fonts, out of 3000000 for 9000
 715 hyphenation exceptions out of 8191
 41i,12n,58p,364b,572s stack positions out of 5000i,500n,10000p,200000b,50000s
{/usr/share/texmf-dist/fonts/enc/dvips/base/8r.enc}</usr/share/texmf-dist/fon
ts/type1/public/amsfonts/cm/cmmi10.pfb></usr/share/texmf-dist/fonts/type1/publi
c/amsfonts/cm/cmsy10.pfb></usr/share/texmf-dist/fonts/type1/urw/courier/ucrr8a.
pfb></usr/share/texmf-dist/fonts/type1/urw/helvetic/uhvb8a.pfb></usr/share/texm
f-dist/fonts/type1/urw/helvetic/uhvb8ac.pfb></usr/share/texmf-dist/fonts/type1/
urw/helvetic/uhvbo8ac.pfb></usr/share/texmf-dist/fonts/type1/urw/helvetic/uhvr8
a.pfb></usr/share/texmf-dist/fonts/type1/urw/helvetic/uhvro8a.pfb>
Output written on refman.pdf (60 pages, 261265 bytes).
PDF statistics:
 2745 PDF objects out of 2984 (max. 8388607)
 2634 compressed objects within 27 object streams
 574 named destinations out of 1000 (max. 500000)
 2076 words of extra memory for PDF output out of 10000 (max. 10000000)

