\BOOKMARK [0][-]{chapter.1}{\376\377\000I\000n\000d\000e\000x\000\040\000d\000e\000s\000\040\000s\000t\000r\000u\000c\000t\000u\000r\000e\000s\000\040\000d\000e\000\040\000d\000o\000n\000n\000\351\000e\000s}{}% 1
\BOOKMARK [1][-]{section.1.1}{\376\377\000H\000i\000\351\000r\000a\000r\000c\000h\000i\000e\000\040\000d\000e\000s\000\040\000c\000l\000a\000s\000s\000e\000s}{chapter.1}% 2
\BOOKMARK [0][-]{chapter.2}{\376\377\000I\000n\000d\000e\000x\000\040\000d\000e\000s\000\040\000s\000t\000r\000u\000c\000t\000u\000r\000e\000s\000\040\000d\000e\000\040\000d\000o\000n\000n\000\351\000e\000s}{}% 3
\BOOKMARK [1][-]{section.2.1}{\376\377\000S\000t\000r\000u\000c\000t\000u\000r\000e\000s\000\040\000d\000e\000\040\000d\000o\000n\000n\000\351\000e\000s}{chapter.2}% 4
\BOOKMARK [0][-]{chapter.3}{\376\377\000D\000o\000c\000u\000m\000e\000n\000t\000a\000t\000i\000o\000n\000\040\000d\000e\000s\000\040\000s\000t\000r\000u\000c\000t\000u\000r\000e\000s\000\040\000d\000e\000\040\000d\000o\000n\000n\000\351\000e\000s}{}% 5
\BOOKMARK [1][-]{section.3.1}{\376\377\000R\000\351\000f\000\351\000r\000e\000n\000c\000e\000\040\000d\000e\000\040\000l\000a\000\040\000c\000l\000a\000s\000s\000e\000\040\000A\000n\000t}{chapter.3}% 6
\BOOKMARK [2][-]{subsection.3.1.1}{\376\377\000D\000e\000s\000c\000r\000i\000p\000t\000i\000o\000n\000\040\000d\000\351\000t\000a\000i\000l\000l\000\351\000e}{section.3.1}% 7
\BOOKMARK [2][-]{subsection.3.1.2}{\376\377\000D\000o\000c\000u\000m\000e\000n\000t\000a\000t\000i\000o\000n\000\040\000d\000e\000s\000\040\000c\000o\000n\000s\000t\000r\000u\000c\000t\000e\000u\000r\000s\000\040\000e\000t\000\040\000d\000e\000s\000t\000r\000u\000c\000t\000e\000u\000r}{section.3.1}% 8
\BOOKMARK [3][-]{subsubsection.3.1.2.1}{\376\377\000A\000n\000t}{subsection.3.1.2}% 9
\BOOKMARK [3][-]{subsubsection.3.1.2.2}{\376\377\000A\000n\000t}{subsection.3.1.2}% 10
\BOOKMARK [2][-]{subsection.3.1.3}{\376\377\000D\000o\000c\000u\000m\000e\000n\000t\000a\000t\000i\000o\000n\000\040\000d\000e\000s\000\040\000f\000o\000n\000c\000t\000i\000o\000n\000s\000\040\000m\000e\000m\000b\000r\000e\000s}{section.3.1}% 11
\BOOKMARK [3][-]{subsubsection.3.1.3.1}{\376\377\000a\000d\000v\000a\000n\000c\000e}{subsection.3.1.3}% 12
\BOOKMARK [3][-]{subsubsection.3.1.3.2}{\376\377\000b\000o\000u\000n\000d\000i\000n\000g\000R\000e\000c\000t}{subsection.3.1.3}% 13
\BOOKMARK [3][-]{subsubsection.3.1.3.3}{\376\377\000d\000e\000a\000d}{subsection.3.1.3}% 14
\BOOKMARK [3][-]{subsubsection.3.1.3.4}{\376\377\000g\000e\000t\000M\000o\000v\000e\000T\000y\000p\000e}{subsection.3.1.3}% 15
\BOOKMARK [3][-]{subsubsection.3.1.3.5}{\376\377\000g\000o\000a\000l\000R\000e\000a\000c\000h\000e\000d}{subsection.3.1.3}% 16
\BOOKMARK [3][-]{subsubsection.3.1.3.6}{\376\377\000h\000i\000t}{subsection.3.1.3}% 17
\BOOKMARK [3][-]{subsubsection.3.1.3.7}{\376\377\000p\000a\000i\000n\000t}{subsection.3.1.3}% 18
\BOOKMARK [3][-]{subsubsection.3.1.3.8}{\376\377\000s\000h\000a\000p\000e}{subsection.3.1.3}% 19
\BOOKMARK [2][-]{subsection.3.1.4}{\376\377\000D\000o\000c\000u\000m\000e\000n\000t\000a\000t\000i\000o\000n\000\040\000d\000e\000s\000\040\000c\000h\000a\000m\000p\000s}{section.3.1}% 20
\BOOKMARK [3][-]{subsubsection.3.1.4.1}{\376\377\000f\000r\000a\000m\000e}{subsection.3.1.4}% 21
\BOOKMARK [3][-]{subsubsection.3.1.4.2}{\376\377\000i\000m\000a\000g\000e}{subsection.3.1.4}% 22
\BOOKMARK [3][-]{subsubsection.3.1.4.3}{\376\377\000p\000a\000r\000e\000n\000t}{subsection.3.1.4}% 23
\BOOKMARK [3][-]{subsubsection.3.1.4.4}{\376\377\000s\000i\000z\000e}{subsection.3.1.4}% 24
\BOOKMARK [3][-]{subsubsection.3.1.4.5}{\376\377\000s\000p\000e\000e\000d}{subsection.3.1.4}% 25
\BOOKMARK [3][-]{subsubsection.3.1.4.6}{\376\377\000t\000i\000m\000e\000r}{subsection.3.1.4}% 26
\BOOKMARK [1][-]{section.3.2}{\376\377\000R\000\351\000f\000\351\000r\000e\000n\000c\000e\000\040\000d\000e\000\040\000l\000a\000\040\000c\000l\000a\000s\000s\000e\000\040\000B\000u\000g}{chapter.3}% 27
\BOOKMARK [2][-]{subsection.3.2.1}{\376\377\000D\000e\000s\000c\000r\000i\000p\000t\000i\000o\000n\000\040\000d\000\351\000t\000a\000i\000l\000l\000\351\000e}{section.3.2}% 28
\BOOKMARK [2][-]{subsection.3.2.2}{\376\377\000D\000o\000c\000u\000m\000e\000n\000t\000a\000t\000i\000o\000n\000\040\000d\000e\000s\000\040\000c\000o\000n\000s\000t\000r\000u\000c\000t\000e\000u\000r\000s\000\040\000e\000t\000\040\000d\000e\000s\000t\000r\000u\000c\000t\000e\000u\000r}{section.3.2}% 29
\BOOKMARK [3][-]{subsubsection.3.2.2.1}{\376\377\000B\000u\000g}{subsection.3.2.2}% 30
\BOOKMARK [2][-]{subsection.3.2.3}{\376\377\000D\000o\000c\000u\000m\000e\000n\000t\000a\000t\000i\000o\000n\000\040\000d\000e\000s\000\040\000f\000o\000n\000c\000t\000i\000o\000n\000s\000\040\000m\000e\000m\000b\000r\000e\000s}{section.3.2}% 31
\BOOKMARK [3][-]{subsubsection.3.2.3.1}{\376\377\000a\000d\000v\000a\000n\000c\000e}{subsection.3.2.3}% 32
\BOOKMARK [3][-]{subsubsection.3.2.3.2}{\376\377\000b\000o\000u\000n\000d\000i\000n\000g\000R\000e\000c\000t}{subsection.3.2.3}% 33
\BOOKMARK [3][-]{subsubsection.3.2.3.3}{\376\377\000d\000e\000a\000d}{subsection.3.2.3}% 34
\BOOKMARK [3][-]{subsubsection.3.2.3.4}{\376\377\000g\000e\000t\000M\000o\000v\000e\000T\000y\000p\000e}{subsection.3.2.3}% 35
\BOOKMARK [3][-]{subsubsection.3.2.3.5}{\376\377\000g\000o\000a\000l\000R\000e\000a\000c\000h\000e\000d}{subsection.3.2.3}% 36
\BOOKMARK [3][-]{subsubsection.3.2.3.6}{\376\377\000h\000i\000t}{subsection.3.2.3}% 37
\BOOKMARK [3][-]{subsubsection.3.2.3.7}{\376\377\000s\000h\000a\000p\000e}{subsection.3.2.3}% 38
\BOOKMARK [2][-]{subsection.3.2.4}{\376\377\000D\000o\000c\000u\000m\000e\000n\000t\000a\000t\000i\000o\000n\000\040\000d\000e\000s\000\040\000c\000h\000a\000m\000p\000s}{section.3.2}% 39
\BOOKMARK [3][-]{subsubsection.3.2.4.1}{\376\377\000a\000n\000g\000l\000e}{subsection.3.2.4}% 40
\BOOKMARK [3][-]{subsubsection.3.2.4.2}{\376\377\000f\000r\000a\000m\000e}{subsection.3.2.4}% 41
\BOOKMARK [3][-]{subsubsection.3.2.4.3}{\376\377\000h\000p}{subsection.3.2.4}% 42
\BOOKMARK [3][-]{subsubsection.3.2.4.4}{\376\377\000l\000a\000s\000t\000S\000q\000u\000a\000r\000e}{subsection.3.2.4}% 43
\BOOKMARK [3][-]{subsubsection.3.2.4.5}{\376\377\000m\000o\000v\000e\000T\000y\000p\000e}{subsection.3.2.4}% 44
\BOOKMARK [3][-]{subsubsection.3.2.4.6}{\376\377\000p\000a\000r\000e\000n\000t}{subsection.3.2.4}% 45
\BOOKMARK [3][-]{subsubsection.3.2.4.7}{\376\377\000r\000e\000s\000i\000s\000t}{subsection.3.2.4}% 46
\BOOKMARK [3][-]{subsubsection.3.2.4.8}{\376\377\000s\000i\000z\000e}{subsection.3.2.4}% 47
\BOOKMARK [3][-]{subsubsection.3.2.4.9}{\376\377\000s\000p\000e\000e\000d}{subsection.3.2.4}% 48
\BOOKMARK [1][-]{section.3.3}{\376\377\000R\000\351\000f\000\351\000r\000e\000n\000c\000e\000\040\000d\000e\000\040\000l\000a\000\040\000c\000l\000a\000s\000s\000e\000\040\000H\000a\000t\000c\000h\000e\000r\000y}{chapter.3}% 49
\BOOKMARK [2][-]{subsection.3.3.1}{\376\377\000D\000e\000s\000c\000r\000i\000p\000t\000i\000o\000n\000\040\000d\000\351\000t\000a\000i\000l\000l\000\351\000e}{section.3.3}% 50
\BOOKMARK [2][-]{subsection.3.3.2}{\376\377\000D\000o\000c\000u\000m\000e\000n\000t\000a\000t\000i\000o\000n\000\040\000d\000e\000s\000\040\000c\000o\000n\000s\000t\000r\000u\000c\000t\000e\000u\000r\000s\000\040\000e\000t\000\040\000d\000e\000s\000t\000r\000u\000c\000t\000e\000u\000r}{section.3.3}% 51
\BOOKMARK [3][-]{subsubsection.3.3.2.1}{\376\377\000H\000a\000t\000c\000h\000e\000r\000y}{subsection.3.3.2}% 52
\BOOKMARK [2][-]{subsection.3.3.3}{\376\377\000D\000o\000c\000u\000m\000e\000n\000t\000a\000t\000i\000o\000n\000\040\000d\000e\000s\000\040\000f\000o\000n\000c\000t\000i\000o\000n\000s\000\040\000m\000e\000m\000b\000r\000e\000s}{section.3.3}% 53
\BOOKMARK [3][-]{subsubsection.3.3.3.1}{\376\377\000s\000p\000a\000w\000n\000B\000u\000g}{subsection.3.3.3}% 54
\BOOKMARK [2][-]{subsection.3.3.4}{\376\377\000D\000o\000c\000u\000m\000e\000n\000t\000a\000t\000i\000o\000n\000\040\000d\000e\000s\000\040\000c\000h\000a\000m\000p\000s}{section.3.3}% 55
\BOOKMARK [3][-]{subsubsection.3.3.4.1}{\376\377\000a\000n\000g\000l\000e}{subsection.3.3.4}% 56
\BOOKMARK [3][-]{subsubsection.3.3.4.2}{\376\377\000x}{subsection.3.3.4}% 57
\BOOKMARK [3][-]{subsubsection.3.3.4.3}{\376\377\000y}{subsection.3.3.4}% 58
\BOOKMARK [1][-]{section.3.4}{\376\377\000R\000\351\000f\000\351\000r\000e\000n\000c\000e\000\040\000d\000e\000\040\000l\000a\000\040\000c\000l\000a\000s\000s\000e\000\040\000M\000o\000s\000q\000u\000i\000t\000o}{chapter.3}% 59
\BOOKMARK [2][-]{subsection.3.4.1}{\376\377\000D\000e\000s\000c\000r\000i\000p\000t\000i\000o\000n\000\040\000d\000\351\000t\000a\000i\000l\000l\000\351\000e}{section.3.4}% 60
\BOOKMARK [2][-]{subsection.3.4.2}{\376\377\000D\000o\000c\000u\000m\000e\000n\000t\000a\000t\000i\000o\000n\000\040\000d\000e\000s\000\040\000c\000o\000n\000s\000t\000r\000u\000c\000t\000e\000u\000r\000s\000\040\000e\000t\000\040\000d\000e\000s\000t\000r\000u\000c\000t\000e\000u\000r}{section.3.4}% 61
\BOOKMARK [3][-]{subsubsection.3.4.2.1}{\376\377\000M\000o\000s\000q\000u\000i\000t\000o}{subsection.3.4.2}% 62
\BOOKMARK [3][-]{subsubsection.3.4.2.2}{\376\377\000M\000o\000s\000q\000u\000i\000t\000o}{subsection.3.4.2}% 63
\BOOKMARK [2][-]{subsection.3.4.3}{\376\377\000D\000o\000c\000u\000m\000e\000n\000t\000a\000t\000i\000o\000n\000\040\000d\000e\000s\000\040\000f\000o\000n\000c\000t\000i\000o\000n\000s\000\040\000m\000e\000m\000b\000r\000e\000s}{section.3.4}% 64
\BOOKMARK [3][-]{subsubsection.3.4.3.1}{\376\377\000a\000d\000v\000a\000n\000c\000e}{subsection.3.4.3}% 65
\BOOKMARK [3][-]{subsubsection.3.4.3.2}{\376\377\000b\000o\000u\000n\000d\000i\000n\000g\000R\000e\000c\000t}{subsection.3.4.3}% 66
\BOOKMARK [3][-]{subsubsection.3.4.3.3}{\376\377\000d\000e\000a\000d}{subsection.3.4.3}% 67
\BOOKMARK [3][-]{subsubsection.3.4.3.4}{\376\377\000g\000e\000t\000M\000o\000v\000e\000T\000y\000p\000e}{subsection.3.4.3}% 68
\BOOKMARK [3][-]{subsubsection.3.4.3.5}{\376\377\000g\000o\000a\000l\000R\000e\000a\000c\000h\000e\000d}{subsection.3.4.3}% 69
\BOOKMARK [3][-]{subsubsection.3.4.3.6}{\376\377\000h\000i\000t}{subsection.3.4.3}% 70
\BOOKMARK [3][-]{subsubsection.3.4.3.7}{\376\377\000p\000a\000i\000n\000t}{subsection.3.4.3}% 71
\BOOKMARK [3][-]{subsubsection.3.4.3.8}{\376\377\000s\000h\000a\000p\000e}{subsection.3.4.3}% 72
\BOOKMARK [2][-]{subsection.3.4.4}{\376\377\000D\000o\000c\000u\000m\000e\000n\000t\000a\000t\000i\000o\000n\000\040\000d\000e\000s\000\040\000c\000h\000a\000m\000p\000s}{section.3.4}% 73
\BOOKMARK [3][-]{subsubsection.3.4.4.1}{\376\377\000f\000r\000a\000m\000e}{subsection.3.4.4}% 74
\BOOKMARK [3][-]{subsubsection.3.4.4.2}{\376\377\000i\000m\000a\000g\000e}{subsection.3.4.4}% 75
\BOOKMARK [3][-]{subsubsection.3.4.4.3}{\376\377\000p\000a\000r\000e\000n\000t}{subsection.3.4.4}% 76
\BOOKMARK [3][-]{subsubsection.3.4.4.4}{\376\377\000s\000i\000z\000e}{subsection.3.4.4}% 77
\BOOKMARK [3][-]{subsubsection.3.4.4.5}{\376\377\000s\000p\000e\000e\000d}{subsection.3.4.4}% 78
\BOOKMARK [1][-]{section.3.5}{\376\377\000R\000\351\000f\000\351\000r\000e\000n\000c\000e\000\040\000d\000e\000\040\000l\000a\000\040\000c\000l\000a\000s\000s\000e\000\040\000P\000r\000o\000j\000e\000c\000t\000i\000l\000e}{chapter.3}% 79
\BOOKMARK [2][-]{subsection.3.5.1}{\376\377\000D\000e\000s\000c\000r\000i\000p\000t\000i\000o\000n\000\040\000d\000\351\000t\000a\000i\000l\000l\000\351\000e}{section.3.5}% 80
\BOOKMARK [2][-]{subsection.3.5.2}{\376\377\000D\000o\000c\000u\000m\000e\000n\000t\000a\000t\000i\000o\000n\000\040\000d\000e\000s\000\040\000c\000o\000n\000s\000t\000r\000u\000c\000t\000e\000u\000r\000s\000\040\000e\000t\000\040\000d\000e\000s\000t\000r\000u\000c\000t\000e\000u\000r}{section.3.5}% 81
\BOOKMARK [3][-]{subsubsection.3.5.2.1}{\376\377\000P\000r\000o\000j\000e\000c\000t\000i\000l\000e}{subsection.3.5.2}% 82
\BOOKMARK [2][-]{subsection.3.5.3}{\376\377\000D\000o\000c\000u\000m\000e\000n\000t\000a\000t\000i\000o\000n\000\040\000d\000e\000s\000\040\000f\000o\000n\000c\000t\000i\000o\000n\000s\000\040\000m\000e\000m\000b\000r\000e\000s}{section.3.5}% 83
\BOOKMARK [3][-]{subsubsection.3.5.3.1}{\376\377\000a\000d\000v\000a\000n\000c\000e}{subsection.3.5.3}% 84
\BOOKMARK [3][-]{subsubsection.3.5.3.2}{\376\377\000b\000o\000u\000n\000d\000i\000n\000g\000R\000e\000c\000t}{subsection.3.5.3}% 85
\BOOKMARK [3][-]{subsubsection.3.5.3.3}{\376\377\000e\000x\000p\000l\000o\000d\000e}{subsection.3.5.3}% 86
\BOOKMARK [3][-]{subsubsection.3.5.3.4}{\376\377\000p\000a\000i\000n\000t}{subsection.3.5.3}% 87
\BOOKMARK [2][-]{subsection.3.5.4}{\376\377\000D\000o\000c\000u\000m\000e\000n\000t\000a\000t\000i\000o\000n\000\040\000d\000e\000s\000\040\000c\000h\000a\000m\000p\000s}{section.3.5}% 88
\BOOKMARK [3][-]{subsubsection.3.5.4.1}{\376\377\000d\000e\000s\000t}{subsection.3.5.4}% 89
\BOOKMARK [3][-]{subsubsection.3.5.4.2}{\376\377\000d\000m\000g}{subsection.3.5.4}% 90
\BOOKMARK [3][-]{subsubsection.3.5.4.3}{\376\377\000m\000a\000x\000r\000a\000n\000g\000e}{subsection.3.5.4}% 91
\BOOKMARK [3][-]{subsubsection.3.5.4.4}{\376\377\000s\000p\000e\000e\000d}{subsection.3.5.4}% 92
\BOOKMARK [3][-]{subsubsection.3.5.4.5}{\376\377\000t\000a\000r\000g\000e\000t}{subsection.3.5.4}% 93
\BOOKMARK [3][-]{subsubsection.3.5.4.6}{\376\377\000t\000r\000a\000v\000e\000l\000l\000e\000d}{subsection.3.5.4}% 94
\BOOKMARK [1][-]{section.3.6}{\376\377\000R\000\351\000f\000\351\000r\000e\000n\000c\000e\000\040\000d\000e\000\040\000l\000a\000\040\000c\000l\000a\000s\000s\000e\000\040\000R\000e\000n\000d\000e\000r}{chapter.3}% 95
\BOOKMARK [2][-]{subsection.3.6.1}{\376\377\000D\000e\000s\000c\000r\000i\000p\000t\000i\000o\000n\000\040\000d\000\351\000t\000a\000i\000l\000l\000\351\000e}{section.3.6}% 96
\BOOKMARK [2][-]{subsection.3.6.2}{\376\377\000D\000o\000c\000u\000m\000e\000n\000t\000a\000t\000i\000o\000n\000\040\000d\000e\000s\000\040\000c\000o\000n\000s\000t\000r\000u\000c\000t\000e\000u\000r\000s\000\040\000e\000t\000\040\000d\000e\000s\000t\000r\000u\000c\000t\000e\000u\000r}{section.3.6}% 97
\BOOKMARK [3][-]{subsubsection.3.6.2.1}{\376\377\000R\000e\000n\000d\000e\000r}{subsection.3.6.2}% 98
\BOOKMARK [3][-]{subsubsection.3.6.2.2}{\376\377\000R\000e\000n\000d\000e\000r}{subsection.3.6.2}% 99
\BOOKMARK [2][-]{subsection.3.6.3}{\376\377\000D\000o\000c\000u\000m\000e\000n\000t\000a\000t\000i\000o\000n\000\040\000d\000e\000s\000\040\000f\000o\000n\000c\000t\000i\000o\000n\000s\000\040\000m\000e\000m\000b\000r\000e\000s}{section.3.6}% 100
\BOOKMARK [3][-]{subsubsection.3.6.3.1}{\376\377\000a\000d\000d\000B\000u\000g}{subsection.3.6.3}% 101
\BOOKMARK [3][-]{subsubsection.3.6.3.2}{\376\377\000a\000d\000d\000P\000r\000o\000j\000e\000c\000t\000i\000l\000e}{subsection.3.6.3}% 102
\BOOKMARK [3][-]{subsubsection.3.6.3.3}{\376\377\000b\000u\000g\000F\000i\000n\000i\000s\000h}{subsection.3.6.3}% 103
\BOOKMARK [3][-]{subsubsection.3.6.3.4}{\376\377\000b\000u\000g\000K\000i\000l\000l\000e\000d}{subsection.3.6.3}% 104
\BOOKMARK [3][-]{subsubsection.3.6.3.5}{\376\377\000d\000e\000s\000t\000r\000o\000y\000T\000o\000w\000e\000r}{subsection.3.6.3}% 105
\BOOKMARK [3][-]{subsubsection.3.6.3.6}{\376\377\000d\000r\000a\000w\000B\000a\000c\000k\000g\000r\000o\000u\000n\000d}{subsection.3.6.3}% 106
\BOOKMARK [3][-]{subsubsection.3.6.3.7}{\376\377\000e\000x\000p\000l\000o\000d\000i\000n\000g\000P\000r\000o\000j\000e\000c\000t\000i\000l\000e}{subsection.3.6.3}% 107
\BOOKMARK [3][-]{subsubsection.3.6.3.8}{\376\377\000g\000e\000t\000A\000n\000g\000l\000e}{subsection.3.6.3}% 108
\BOOKMARK [3][-]{subsubsection.3.6.3.9}{\376\377\000g\000e\000t\000C\000r\000e\000d}{subsection.3.6.3}% 109
\BOOKMARK [3][-]{subsubsection.3.6.3.10}{\376\377\000g\000e\000t\000T\000a\000r\000g\000e\000t}{subsection.3.6.3}% 110
\BOOKMARK [3][-]{subsubsection.3.6.3.11}{\376\377\000g\000o\000a\000l}{subsection.3.6.3}% 111
\BOOKMARK [3][-]{subsubsection.3.6.3.12}{\376\377\000l\000o\000s\000e\000L\000i\000f\000e}{subsection.3.6.3}% 112
\BOOKMARK [3][-]{subsubsection.3.6.3.13}{\376\377\000m\000o\000u\000s\000e\000P\000r\000e\000s\000s\000E\000v\000e\000n\000t}{subsection.3.6.3}% 113
\BOOKMARK [3][-]{subsubsection.3.6.3.14}{\376\377\000n\000e\000w\000W\000a\000v\000e\000N\000a\000m\000e}{subsection.3.6.3}% 114
\BOOKMARK [3][-]{subsubsection.3.6.3.15}{\376\377\000n\000e\000x\000t\000B\000u\000g}{subsection.3.6.3}% 115
\BOOKMARK [3][-]{subsubsection.3.6.3.16}{\376\377\000n\000e\000x\000t\000W\000a\000v\000e}{subsection.3.6.3}% 116
\BOOKMARK [3][-]{subsubsection.3.6.3.17}{\376\377\000s\000e\000l\000e\000c\000t\000T\000o\000w\000e\000r}{subsection.3.6.3}% 117
\BOOKMARK [3][-]{subsubsection.3.6.3.18}{\376\377\000s\000q\000u\000a\000r\000e}{subsection.3.6.3}% 118
\BOOKMARK [3][-]{subsubsection.3.6.3.19}{\376\377\000t\000o\000w\000e\000r\000B\000o\000u\000g\000h\000t}{subsection.3.6.3}% 119
\BOOKMARK [2][-]{subsection.3.6.4}{\376\377\000D\000o\000c\000u\000m\000e\000n\000t\000a\000t\000i\000o\000n\000\040\000d\000e\000s\000\040\000c\000h\000a\000m\000p\000s}{section.3.6}% 120
\BOOKMARK [3][-]{subsubsection.3.6.4.1}{\376\377\000b\0001}{subsection.3.6.4}% 121
\BOOKMARK [3][-]{subsubsection.3.6.4.2}{\376\377\000b\000u\000g\000s}{subsection.3.6.4}% 122
\BOOKMARK [3][-]{subsubsection.3.6.4.3}{\376\377\000g\000o\000a\000l\000S\000q\000u\000a\000r\000e}{subsection.3.6.4}% 123
\BOOKMARK [3][-]{subsubsection.3.6.4.4}{\376\377\000m\000a\000p}{subsection.3.6.4}% 124
\BOOKMARK [3][-]{subsubsection.3.6.4.5}{\376\377\000s\000t\000a\000r\000t}{subsection.3.6.4}% 125
\BOOKMARK [3][-]{subsubsection.3.6.4.6}{\376\377\000s\000t\000a\000r\000t\000\137\000a\000n\000g\000l\000e}{subsection.3.6.4}% 126
\BOOKMARK [3][-]{subsubsection.3.6.4.7}{\376\377\000t\000i\000l\000e\000s}{subsection.3.6.4}% 127
\BOOKMARK [3][-]{subsubsection.3.6.4.8}{\376\377\000t\000o\000w\000e\000r\0002\000b\000u\000i\000l\000d}{subsection.3.6.4}% 128
\BOOKMARK [3][-]{subsubsection.3.6.4.9}{\376\377\000t\000o\000w\000e\000r\000s}{subsection.3.6.4}% 129
\BOOKMARK [3][-]{subsubsection.3.6.4.10}{\376\377\000w\000a\000v\000e}{subsection.3.6.4}% 130
\BOOKMARK [3][-]{subsubsection.3.6.4.11}{\376\377\000w\000a\000v\000e\000N\000u\000m\000b\000e\000r}{subsection.3.6.4}% 131
\BOOKMARK [3][-]{subsubsection.3.6.4.12}{\376\377\000w\000a\000v\000e\000T\000i\000m\000e\000r}{subsection.3.6.4}% 132
\BOOKMARK [1][-]{section.3.7}{\376\377\000R\000\351\000f\000\351\000r\000e\000n\000c\000e\000\040\000d\000e\000\040\000l\000a\000\040\000c\000l\000a\000s\000s\000e\000\040\000R\000o\000a\000c\000h}{chapter.3}% 133
\BOOKMARK [2][-]{subsection.3.7.1}{\376\377\000D\000e\000s\000c\000r\000i\000p\000t\000i\000o\000n\000\040\000d\000\351\000t\000a\000i\000l\000l\000\351\000e}{section.3.7}% 134
\BOOKMARK [2][-]{subsection.3.7.2}{\376\377\000D\000o\000c\000u\000m\000e\000n\000t\000a\000t\000i\000o\000n\000\040\000d\000e\000s\000\040\000c\000o\000n\000s\000t\000r\000u\000c\000t\000e\000u\000r\000s\000\040\000e\000t\000\040\000d\000e\000s\000t\000r\000u\000c\000t\000e\000u\000r}{section.3.7}% 135
\BOOKMARK [3][-]{subsubsection.3.7.2.1}{\376\377\000R\000o\000a\000c\000h}{subsection.3.7.2}% 136
\BOOKMARK [3][-]{subsubsection.3.7.2.2}{\376\377\000R\000o\000a\000c\000h}{subsection.3.7.2}% 137
\BOOKMARK [2][-]{subsection.3.7.3}{\376\377\000D\000o\000c\000u\000m\000e\000n\000t\000a\000t\000i\000o\000n\000\040\000d\000e\000s\000\040\000f\000o\000n\000c\000t\000i\000o\000n\000s\000\040\000m\000e\000m\000b\000r\000e\000s}{section.3.7}% 138
\BOOKMARK [3][-]{subsubsection.3.7.3.1}{\376\377\000a\000d\000v\000a\000n\000c\000e}{subsection.3.7.3}% 139
\BOOKMARK [3][-]{subsubsection.3.7.3.2}{\376\377\000b\000o\000u\000n\000d\000i\000n\000g\000R\000e\000c\000t}{subsection.3.7.3}% 140
\BOOKMARK [3][-]{subsubsection.3.7.3.3}{\376\377\000d\000e\000a\000d}{subsection.3.7.3}% 141
\BOOKMARK [3][-]{subsubsection.3.7.3.4}{\376\377\000g\000e\000t\000M\000o\000v\000e\000T\000y\000p\000e}{subsection.3.7.3}% 142
\BOOKMARK [3][-]{subsubsection.3.7.3.5}{\376\377\000g\000o\000a\000l\000R\000e\000a\000c\000h\000e\000d}{subsection.3.7.3}% 143
\BOOKMARK [3][-]{subsubsection.3.7.3.6}{\376\377\000h\000i\000t}{subsection.3.7.3}% 144
\BOOKMARK [3][-]{subsubsection.3.7.3.7}{\376\377\000p\000a\000i\000n\000t}{subsection.3.7.3}% 145
\BOOKMARK [3][-]{subsubsection.3.7.3.8}{\376\377\000s\000h\000a\000p\000e}{subsection.3.7.3}% 146
\BOOKMARK [2][-]{subsection.3.7.4}{\376\377\000D\000o\000c\000u\000m\000e\000n\000t\000a\000t\000i\000o\000n\000\040\000d\000e\000s\000\040\000c\000h\000a\000m\000p\000s}{section.3.7}% 147
\BOOKMARK [3][-]{subsubsection.3.7.4.1}{\376\377\000f\000r\000a\000m\000e}{subsection.3.7.4}% 148
\BOOKMARK [3][-]{subsubsection.3.7.4.2}{\376\377\000i\000m\000a\000g\000e}{subsection.3.7.4}% 149
\BOOKMARK [3][-]{subsubsection.3.7.4.3}{\376\377\000p\000a\000r\000e\000n\000t}{subsection.3.7.4}% 150
\BOOKMARK [3][-]{subsubsection.3.7.4.4}{\376\377\000s\000i\000z\000e}{subsection.3.7.4}% 151
\BOOKMARK [3][-]{subsubsection.3.7.4.5}{\376\377\000s\000p\000e\000e\000d}{subsection.3.7.4}% 152
\BOOKMARK [1][-]{section.3.8}{\376\377\000R\000\351\000f\000\351\000r\000e\000n\000c\000e\000\040\000d\000e\000\040\000l\000a\000\040\000c\000l\000a\000s\000s\000e\000\040\000T\000o\000w\000e\000r}{chapter.3}% 153
\BOOKMARK [2][-]{subsection.3.8.1}{\376\377\000D\000e\000s\000c\000r\000i\000p\000t\000i\000o\000n\000\040\000d\000\351\000t\000a\000i\000l\000l\000\351\000e}{section.3.8}% 154
\BOOKMARK [2][-]{subsection.3.8.2}{\376\377\000D\000o\000c\000u\000m\000e\000n\000t\000a\000t\000i\000o\000n\000\040\000d\000e\000s\000\040\000c\000o\000n\000s\000t\000r\000u\000c\000t\000e\000u\000r\000s\000\040\000e\000t\000\040\000d\000e\000s\000t\000r\000u\000c\000t\000e\000u\000r}{section.3.8}% 155
\BOOKMARK [3][-]{subsubsection.3.8.2.1}{\376\377\000T\000o\000w\000e\000r}{subsection.3.8.2}% 156
\BOOKMARK [2][-]{subsection.3.8.3}{\376\377\000D\000o\000c\000u\000m\000e\000n\000t\000a\000t\000i\000o\000n\000\040\000d\000e\000s\000\040\000f\000o\000n\000c\000t\000i\000o\000n\000s\000\040\000m\000e\000m\000b\000r\000e\000s}{section.3.8}% 157
\BOOKMARK [3][-]{subsubsection.3.8.3.1}{\376\377\000b\000o\000u\000n\000d\000i\000n\000g\000R\000e\000c\000t}{subsection.3.8.3}% 158
\BOOKMARK [3][-]{subsubsection.3.8.3.2}{\376\377\000f\000i\000r\000e}{subsection.3.8.3}% 159
\BOOKMARK [3][-]{subsubsection.3.8.3.3}{\376\377\000g\000e\000t\000F\000i\000r\000e\000r\000a\000t\000e}{subsection.3.8.3}% 160
\BOOKMARK [3][-]{subsubsection.3.8.3.4}{\376\377\000g\000e\000t\000L\000v\000l}{subsection.3.8.3}% 161
\BOOKMARK [3][-]{subsubsection.3.8.3.5}{\376\377\000g\000e\000t\000P\000r\000i\000c\000e}{subsection.3.8.3}% 162
\BOOKMARK [3][-]{subsubsection.3.8.3.6}{\376\377\000g\000e\000t\000R\000a\000n\000g\000e}{subsection.3.8.3}% 163
\BOOKMARK [3][-]{subsubsection.3.8.3.7}{\376\377\000g\000e\000t\000T\000y\000p\000e}{subsection.3.8.3}% 164
\BOOKMARK [3][-]{subsubsection.3.8.3.8}{\376\377\000g\000e\000t\000U\000p\000g\000C\000o\000s\000t}{subsection.3.8.3}% 165
\BOOKMARK [3][-]{subsubsection.3.8.3.9}{\376\377\000p\000a\000i\000n\000t}{subsection.3.8.3}% 166
\BOOKMARK [3][-]{subsubsection.3.8.3.10}{\376\377\000p\000r\000o\000j\000e\000c\000t\000i\000l\000e}{subsection.3.8.3}% 167
\BOOKMARK [3][-]{subsubsection.3.8.3.11}{\376\377\000u\000p\000g\000r\000a\000d\000e}{subsection.3.8.3}% 168
\BOOKMARK [2][-]{subsection.3.8.4}{\376\377\000D\000o\000c\000u\000m\000e\000n\000t\000a\000t\000i\000o\000n\000\040\000d\000e\000s\000\040\000c\000h\000a\000m\000p\000s}{section.3.8}% 169
\BOOKMARK [3][-]{subsubsection.3.8.4.1}{\376\377\000c\000o\000l\000o\000r}{subsection.3.8.4}% 170
\BOOKMARK [3][-]{subsubsection.3.8.4.2}{\376\377\000f\000i\000r\000e\000r\000a\000t\000e}{subsection.3.8.4}% 171
\BOOKMARK [3][-]{subsubsection.3.8.4.3}{\376\377\000l\000e\000v\000e\000l}{subsection.3.8.4}% 172
\BOOKMARK [3][-]{subsubsection.3.8.4.4}{\376\377\000p\000a\000r\000e\000n\000t}{subsection.3.8.4}% 173
\BOOKMARK [3][-]{subsubsection.3.8.4.5}{\376\377\000p\000o\000s}{subsection.3.8.4}% 174
\BOOKMARK [3][-]{subsubsection.3.8.4.6}{\376\377\000p\000r\000i\000c\000e}{subsection.3.8.4}% 175
\BOOKMARK [3][-]{subsubsection.3.8.4.7}{\376\377\000r\000a\000n\000g\000e}{subsection.3.8.4}% 176
\BOOKMARK [3][-]{subsubsection.3.8.4.8}{\376\377\000t\000a\000r\000g\000e\000t\000T\000y\000p\000e}{subsection.3.8.4}% 177
\BOOKMARK [3][-]{subsubsection.3.8.4.9}{\376\377\000t\000i\000m\000e\000r}{subsection.3.8.4}% 178
\BOOKMARK [3][-]{subsubsection.3.8.4.10}{\376\377\000t\000y\000p\000e}{subsection.3.8.4}% 179
\BOOKMARK [3][-]{subsubsection.3.8.4.11}{\376\377\000u\000p\000g\0001}{subsection.3.8.4}% 180
\BOOKMARK [3][-]{subsubsection.3.8.4.12}{\376\377\000u\000p\000g\0002}{subsection.3.8.4}% 181
\BOOKMARK [1][-]{section.3.9}{\376\377\000R\000\351\000f\000\351\000r\000e\000n\000c\000e\000\040\000d\000e\000\040\000l\000a\000\040\000c\000l\000a\000s\000s\000e\000\040\000U\000I}{chapter.3}% 182
\BOOKMARK [2][-]{subsection.3.9.1}{\376\377\000D\000e\000s\000c\000r\000i\000p\000t\000i\000o\000n\000\040\000d\000\351\000t\000a\000i\000l\000l\000\351\000e}{section.3.9}% 183
\BOOKMARK [2][-]{subsection.3.9.2}{\376\377\000D\000o\000c\000u\000m\000e\000n\000t\000a\000t\000i\000o\000n\000\040\000d\000e\000s\000\040\000c\000o\000n\000s\000t\000r\000u\000c\000t\000e\000u\000r\000s\000\040\000e\000t\000\040\000d\000e\000s\000t\000r\000u\000c\000t\000e\000u\000r}{section.3.9}% 184
\BOOKMARK [3][-]{subsubsection.3.9.2.1}{\376\377\000U\000I}{subsection.3.9.2}% 185
\BOOKMARK [2][-]{subsection.3.9.3}{\376\377\000D\000o\000c\000u\000m\000e\000n\000t\000a\000t\000i\000o\000n\000\040\000d\000e\000s\000\040\000f\000o\000n\000c\000t\000i\000o\000n\000s\000\040\000m\000e\000m\000b\000r\000e\000s}{section.3.9}% 186
\BOOKMARK [3][-]{subsubsection.3.9.3.1}{\376\377\000a\000d\000d\000C\000r\000e\000d}{subsection.3.9.3}% 187
\BOOKMARK [3][-]{subsubsection.3.9.3.2}{\376\377\000b\000u\000y\000B\000o\000w\000l\000i\000n\000g\000T\000o\000w\000e\000r}{subsection.3.9.3}% 188
\BOOKMARK [3][-]{subsubsection.3.9.3.3}{\376\377\000b\000u\000y\000P\000a\000i\000n\000t\000b\000a\000l\000l\000T\000o\000w\000e\000r}{subsection.3.9.3}% 189
\BOOKMARK [3][-]{subsubsection.3.9.3.4}{\376\377\000b\000u\000y\000S\000l\000i\000n\000g\000s\000h\000o\000t\000T\000o\000w\000e\000r}{subsection.3.9.3}% 190
\BOOKMARK [3][-]{subsubsection.3.9.3.5}{\376\377\000b\000u\000y\000T\000o\000w\000e\000r}{subsection.3.9.3}% 191
\BOOKMARK [3][-]{subsubsection.3.9.3.6}{\376\377\000b\000u\000y\000W\000a\000t\000e\000r\000T\000o\000w\000e\000r}{subsection.3.9.3}% 192
\BOOKMARK [3][-]{subsubsection.3.9.3.7}{\376\377\000d\000e\000f\000e\000a\000t}{subsection.3.9.3}% 193
\BOOKMARK [3][-]{subsubsection.3.9.3.8}{\376\377\000l\000o\000s\000e\000L\000i\000f\000e}{subsection.3.9.3}% 194
\BOOKMARK [3][-]{subsubsection.3.9.3.9}{\376\377\000n\000e\000x\000t\000W\000a\000v\000e}{subsection.3.9.3}% 195
\BOOKMARK [3][-]{subsubsection.3.9.3.10}{\376\377\000s\000e\000l\000e\000c\000t\000T\000o\000w\000e\000r}{subsection.3.9.3}% 196
\BOOKMARK [3][-]{subsubsection.3.9.3.11}{\376\377\000s\000e\000l\000l\000S\000e\000l\000e\000c\000t\000e\000d\000T\000o\000w\000e\000r}{subsection.3.9.3}% 197
\BOOKMARK [3][-]{subsubsection.3.9.3.12}{\376\377\000s\000e\000t\000W\000a\000v\000e\000N\000a\000m\000e}{subsection.3.9.3}% 198
\BOOKMARK [3][-]{subsubsection.3.9.3.13}{\376\377\000s\000t\000a\000r\000t\000W\000a\000v\000e}{subsection.3.9.3}% 199
\BOOKMARK [3][-]{subsubsection.3.9.3.14}{\376\377\000t\000o\000w\000e\000r\000S\000o\000l\000d}{subsection.3.9.3}% 200
\BOOKMARK [3][-]{subsubsection.3.9.3.15}{\376\377\000u\000p\000g\000r\000a\000d\000e\000S\000e\000l\000e\000c\000t\000e\000d\000T\000o\000w\000e\000r}{subsection.3.9.3}% 201
\BOOKMARK [2][-]{subsection.3.9.4}{\376\377\000D\000o\000c\000u\000m\000e\000n\000t\000a\000t\000i\000o\000n\000\040\000d\000e\000s\000\040\000c\000h\000a\000m\000p\000s}{section.3.9}% 202
\BOOKMARK [3][-]{subsubsection.3.9.4.1}{\376\377\000b\000o\000w\000l\000i\000n\000g}{subsection.3.9.4}% 203
\BOOKMARK [3][-]{subsubsection.3.9.4.2}{\376\377\000c\000r\000e\000d}{subsection.3.9.4}% 204
\BOOKMARK [3][-]{subsubsection.3.9.4.3}{\376\377\000c\000r\000e\000d\000\137\000t\000x\000t}{subsection.3.9.4}% 205
\BOOKMARK [3][-]{subsubsection.3.9.4.4}{\376\377\000f\000i\000r\000e\000r\000a\000t\000e}{subsection.3.9.4}% 206
\BOOKMARK [3][-]{subsubsection.3.9.4.5}{\376\377\000l\000i\000f\000e}{subsection.3.9.4}% 207
\BOOKMARK [3][-]{subsubsection.3.9.4.6}{\376\377\000l\000i\000f\000e\000\137\000t\000x\000t}{subsection.3.9.4}% 208
\BOOKMARK [3][-]{subsubsection.3.9.4.7}{\376\377\000l\000v\000l}{subsection.3.9.4}% 209
\BOOKMARK [3][-]{subsubsection.3.9.4.8}{\376\377\000n\000a\000m\000e}{subsection.3.9.4}% 210
\BOOKMARK [3][-]{subsubsection.3.9.4.9}{\376\377\000p\000a\000i\000n\000t\000b\000a\000l\000l}{subsection.3.9.4}% 211
\BOOKMARK [3][-]{subsubsection.3.9.4.10}{\376\377\000r\000a\000n\000g\000e}{subsection.3.9.4}% 212
\BOOKMARK [3][-]{subsubsection.3.9.4.11}{\376\377\000s\000e\000l\000e\000c\000t\000e\000d}{subsection.3.9.4}% 213
\BOOKMARK [3][-]{subsubsection.3.9.4.12}{\376\377\000s\000e\000l\000l}{subsection.3.9.4}% 214
\BOOKMARK [3][-]{subsubsection.3.9.4.13}{\376\377\000s\000l\000i\000n\000g}{subsection.3.9.4}% 215
\BOOKMARK [3][-]{subsubsection.3.9.4.14}{\376\377\000s\000t\000a\000r\000t}{subsection.3.9.4}% 216
\BOOKMARK [3][-]{subsubsection.3.9.4.15}{\376\377\000s\000t\000a\000t\000s}{subsection.3.9.4}% 217
\BOOKMARK [3][-]{subsubsection.3.9.4.16}{\376\377\000t\000\137\000f\000i\000r\000e\000r\000a\000t\000e}{subsection.3.9.4}% 218
\BOOKMARK [3][-]{subsubsection.3.9.4.17}{\376\377\000t\000\137\000l\000v\000l}{subsection.3.9.4}% 219
\BOOKMARK [3][-]{subsubsection.3.9.4.18}{\376\377\000t\000\137\000n\000a\000m\000e}{subsection.3.9.4}% 220
\BOOKMARK [3][-]{subsubsection.3.9.4.19}{\376\377\000t\000\137\000r\000a\000n\000g\000e}{subsection.3.9.4}% 221
\BOOKMARK [3][-]{subsubsection.3.9.4.20}{\376\377\000t\000o\000w\000e\000r}{subsection.3.9.4}% 222
\BOOKMARK [3][-]{subsubsection.3.9.4.21}{\376\377\000u\000p\000g}{subsection.3.9.4}% 223
\BOOKMARK [3][-]{subsubsection.3.9.4.22}{\376\377\000w\000a\000t\000e\000r}{subsection.3.9.4}% 224
\BOOKMARK [3][-]{subsubsection.3.9.4.23}{\376\377\000w\000a\000v\000e}{subsection.3.9.4}% 225
\BOOKMARK [1][-]{section.3.10}{\376\377\000R\000\351\000f\000\351\000r\000e\000n\000c\000e\000\040\000d\000e\000\040\000l\000a\000\040\000c\000l\000a\000s\000s\000e\000\040\000W\000a\000s\000p}{chapter.3}% 226
\BOOKMARK [2][-]{subsection.3.10.1}{\376\377\000D\000e\000s\000c\000r\000i\000p\000t\000i\000o\000n\000\040\000d\000\351\000t\000a\000i\000l\000l\000\351\000e}{section.3.10}% 227
\BOOKMARK [2][-]{subsection.3.10.2}{\376\377\000D\000o\000c\000u\000m\000e\000n\000t\000a\000t\000i\000o\000n\000\040\000d\000e\000s\000\040\000c\000o\000n\000s\000t\000r\000u\000c\000t\000e\000u\000r\000s\000\040\000e\000t\000\040\000d\000e\000s\000t\000r\000u\000c\000t\000e\000u\000r}{section.3.10}% 228
\BOOKMARK [3][-]{subsubsection.3.10.2.1}{\376\377\000W\000a\000s\000p}{subsection.3.10.2}% 229
\BOOKMARK [3][-]{subsubsection.3.10.2.2}{\376\377\000W\000a\000s\000p}{subsection.3.10.2}% 230
\BOOKMARK [2][-]{subsection.3.10.3}{\376\377\000D\000o\000c\000u\000m\000e\000n\000t\000a\000t\000i\000o\000n\000\040\000d\000e\000s\000\040\000f\000o\000n\000c\000t\000i\000o\000n\000s\000\040\000m\000e\000m\000b\000r\000e\000s}{section.3.10}% 231
\BOOKMARK [3][-]{subsubsection.3.10.3.1}{\376\377\000a\000d\000v\000a\000n\000c\000e}{subsection.3.10.3}% 232
\BOOKMARK [3][-]{subsubsection.3.10.3.2}{\376\377\000b\000o\000u\000n\000d\000i\000n\000g\000R\000e\000c\000t}{subsection.3.10.3}% 233
\BOOKMARK [3][-]{subsubsection.3.10.3.3}{\376\377\000d\000e\000a\000d}{subsection.3.10.3}% 234
\BOOKMARK [3][-]{subsubsection.3.10.3.4}{\376\377\000g\000e\000t\000M\000o\000v\000e\000T\000y\000p\000e}{subsection.3.10.3}% 235
\BOOKMARK [3][-]{subsubsection.3.10.3.5}{\376\377\000g\000o\000a\000l\000R\000e\000a\000c\000h\000e\000d}{subsection.3.10.3}% 236
\BOOKMARK [3][-]{subsubsection.3.10.3.6}{\376\377\000h\000i\000t}{subsection.3.10.3}% 237
\BOOKMARK [3][-]{subsubsection.3.10.3.7}{\376\377\000p\000a\000i\000n\000t}{subsection.3.10.3}% 238
\BOOKMARK [3][-]{subsubsection.3.10.3.8}{\376\377\000s\000h\000a\000p\000e}{subsection.3.10.3}% 239
\BOOKMARK [2][-]{subsection.3.10.4}{\376\377\000D\000o\000c\000u\000m\000e\000n\000t\000a\000t\000i\000o\000n\000\040\000d\000e\000s\000\040\000c\000h\000a\000m\000p\000s}{section.3.10}% 240
\BOOKMARK [3][-]{subsubsection.3.10.4.1}{\376\377\000f\000r\000a\000m\000e}{subsection.3.10.4}% 241
\BOOKMARK [3][-]{subsubsection.3.10.4.2}{\376\377\000i\000m\000a\000g\000e}{subsection.3.10.4}% 242
\BOOKMARK [3][-]{subsubsection.3.10.4.3}{\376\377\000p\000a\000r\000e\000n\000t}{subsection.3.10.4}% 243
\BOOKMARK [3][-]{subsubsection.3.10.4.4}{\376\377\000s\000i\000z\000e}{subsection.3.10.4}% 244
\BOOKMARK [3][-]{subsubsection.3.10.4.5}{\376\377\000s\000p\000e\000e\000d}{subsection.3.10.4}% 245
\BOOKMARK [1][-]{section.3.11}{\376\377\000R\000\351\000f\000\351\000r\000e\000n\000c\000e\000\040\000d\000e\000\040\000l\000a\000\040\000c\000l\000a\000s\000s\000e\000\040\000W\000a\000t\000e\000r}{chapter.3}% 246
\BOOKMARK [2][-]{subsection.3.11.1}{\376\377\000D\000e\000s\000c\000r\000i\000p\000t\000i\000o\000n\000\040\000d\000\351\000t\000a\000i\000l\000l\000\351\000e}{section.3.11}% 247
\BOOKMARK [2][-]{subsection.3.11.2}{\376\377\000D\000o\000c\000u\000m\000e\000n\000t\000a\000t\000i\000o\000n\000\040\000d\000e\000s\000\040\000c\000o\000n\000s\000t\000r\000u\000c\000t\000e\000u\000r\000s\000\040\000e\000t\000\040\000d\000e\000s\000t\000r\000u\000c\000t\000e\000u\000r}{section.3.11}% 248
\BOOKMARK [3][-]{subsubsection.3.11.2.1}{\376\377\000W\000a\000t\000e\000r}{subsection.3.11.2}% 249
\BOOKMARK [2][-]{subsection.3.11.3}{\376\377\000D\000o\000c\000u\000m\000e\000n\000t\000a\000t\000i\000o\000n\000\040\000d\000e\000s\000\040\000f\000o\000n\000c\000t\000i\000o\000n\000s\000\040\000m\000e\000m\000b\000r\000e\000s}{section.3.11}% 250
\BOOKMARK [3][-]{subsubsection.3.11.3.1}{\376\377\000a\000d\000v\000a\000n\000c\000e}{subsection.3.11.3}% 251
\BOOKMARK [3][-]{subsubsection.3.11.3.2}{\376\377\000b\000o\000u\000n\000d\000i\000n\000g\000R\000e\000c\000t}{subsection.3.11.3}% 252
\BOOKMARK [3][-]{subsubsection.3.11.3.3}{\376\377\000e\000x\000p\000l\000o\000d\000e}{subsection.3.11.3}% 253
\BOOKMARK [3][-]{subsubsection.3.11.3.4}{\376\377\000p\000a\000i\000n\000t}{subsection.3.11.3}% 254
\BOOKMARK [3][-]{subsubsection.3.11.3.5}{\376\377\000p\000a\000i\000n\000t}{subsection.3.11.3}% 255
